Asia - Hoa tau Piano ca khuc Vu Thanh An.rar
Asia - Nhac tinh Guitar - Tinh yeu co don.rar
Asia - Nhung nu hon doi - 1993.rar
Asia 001 - Da Vu.rar
Asia 002 - Rumba.rar
Asia 003 - Thanh Lam - Saxo - 1989.rar
Asia 004 - Da vu.rar
Asia 005 - SOS for love.rar
Asia 006 - Chacha Bebop.rar
Asia 007 - Luyen tiec(1).rar
Asia 007 - Luyen tiec.rar
Asia 008 - Rumba Rumba.rar
Asia 009 - Xuan.rar
Asia 010 - Dong nuoc mat.rar
Asia 011 - Bay di canh chim bien.rar
Asia 012 - Lien tinh khuc.rar
Asia 013 - Tuan Vu _ Thien Trang - Dam me.rar
Asia 014 - Niem mong uoc cua anh.rar
Asia 015 - Lien khuc tinh yeu 1(1).rar
Asia 015 - Lien khuc tinh yeu 1.rar
Asia 016 - Lien khuc tinh yeu 2.rar
Asia 017 - Lien khuc tinh yeu 3.rar
Asia 018 - Ngoc Lan _ Nhu Mai - Tinh ca sy.rar
Asia 019 - Lien khuc tieng mua dem.rar
Asia 020 - Rumba Chacha Bebop.rar
Asia 021 - Du tinh yeu da mat.rar
Asia 022 - Jesuis party(1).rar
Asia 022 - Jesuis party.rar
Asia 023 - Magic.rar
Asia 024 - Lien khuc Chieu mot minh qua pho.rar
Asia 025 - Lien khuc cho nguoi tinh - Tuan Vu_ Son Tuyen_ Thien Trang.rar
Asia 026 - Da vu.rar
Asia 027 - Khi tinh da xa.rar
Asia 028 - Nhac hoa tau - Tinh khuc Truc Ho - Blue Sea.rar
Asia 029 - Da Vu Rumba Chacha Bebop.rar
Asia 029 - Truc Ho va ban huu - Hoa tau - Linh hon tuong da.rar
Asia 030 - Abba.rar
Asia 031 - Tuong si tuong.rar
Asia 033 - Lien khuc tinh yeu tuyet voi.rar
Asia 034 - Da vu den.rar
Asia 035 - Duy Quang - Billy Shane.rar
Asia 036 - Tinh khuc Vu Thanh An - Nhung bai khong ten tiep noi.rar
Asia 037 - New wave.rar
Asia 038 - Thanh Lam 2 - Saxo Tuyet Voi.rar
Asia 039 - Tinh khuc Duc Huy - Mau mat nhung.rar
Asia 040 - Newave 2.rar
Asia 041 - The best of da vu 1.rar
Asia 042 - Lien khuc Tinh xanh - Don Ho_ Lam Thuy Van_ Kenny Thai.rar
Asia 043 - The Best of da vu 2.rar
Asia 044 - AVT hai ngoai - 1994.rar
Asia 045 - Mua xuan yeu em.rar
Asia 046 - Lam Thuy Van _ Trung Hanh - Con mua ha.rar
Asia 048 - Thanh Lam 3 - Saxo tuyet voi.rar
Asia 049 - Asia Golden Cha Cha Cha.rar
Asia 050 - Dem Sai gon in Las Vegas.rar
Asia 051 - Tinh thu menh mang.rar
Asia 052 - Don Ho _ Lam Thuy Van - Du nang co mong manh.rar
Asia 053 - Mot ngay khong co anh.rar
Asia 054 - Pho bien.rar
Asia 055 - Bao tinh.rar
Asia 056 - The best of da vu 3.rar
Asia 057 - Mot mai em di.rar
Asia 058 - Tinh hong ruc nang he.rar
Asia 059 - Manh Dinh 1 - Chuyen gian thien ly - 1994.rar
Asia 061 - Hay den ben chang.rar
Asia 062 - Lam Thuy Van - Dong song ky niem.rar
Asia 065 - Manh Dinh 2 - Xot xa.rar
Asia 066 - The best of da vu 4.rar
Asia 067 - Manh Dinh 3 - Dan ca ba mien.rar
Asia 068 - Don Ho_ Nini_ Lam Thuy Van - Doan khuc cuoi cho em.rar
Asia 069 - Cho ky niem mua dong.rar
Asia 071 - Thuy Duong 2 - Mua tinh cuoi dong.rar
Asia 072 - Xa nguoi.rar
Asia 073 - Lk chieu mua - MDinh_ NQuynh_ LTVan.rar
Asia 074 - Nhu Quynh 1 - Chuyen hoa sim.rar
Asia 075 - Tac gia tac pham.rar
Asia 076 - Giot mua thu.rar
Asia 077 - Manh Dinh 4 - Truc dao.rar
Asia 078 - Tinh ca 75 - 95.rar
Asia 078 - Tinh ca 75-95 chon loc.rar
Asia 079 - Nhu Quynh 2 - Rung la thay chua.rar
Asia 080 - Thuy Duong 3 - Khuc thuy du.rar
Asia 081 - Bai 20.rar
Asia 082 - Gui nguoi mot niem vui.rar
Asia 083 - Tien dua - 1995.rar
Asia 084 - Nhu Quynh 3 - Chuyen tinh hoa trang.rar
Asia 085 - The best of da vu 5.rar
Asia 086 - Manh Dinh 5 - Chuyen gian thien ly 2.rar
Asia 087 - Mot ngay Viet Nam.rar
Asia 088 - Mot lan nua thoi.rar
Asia 089 - Tinh khuc que huong.rar
Asia 090 - Lam Thuy Van 3 - Tinh dau van kho phai.rar
Asia 091 - Doi con co don.rar
Asia 092 - Shayla - Dance music.rar
Asia 093 - Co tin vui giua gio tuyet vong.rar
Asia 094 - Lam Nhat Tien - Em da quen mot dong song.rar
Asia 095 - Gia Huy - Anh van biet.rar
Asia 096 - Manh Dinh 6 - Tieu co nuong(1).rar
Asia 096 - Manh Dinh 6 - Tieu co nuong.rar
Asia 097 - The best of da vu 6.rar
Asia 098 - Lam Nhat Tien_ Lam Thuy Van_ Loan Chau - Noi ay binh yen.rar
Asia 099 - Best Of ChaChaCha.rar
Asia 100 - Yen Phuong - Di vang mot loai hoa.rar
Asia 101 - Gia Huy _ Thanh Truc - Ky dieu.rar
Asia 102 - Loan Chau - Ben em la bien rong.rar
Asia 103 - Manh Dinh 7 - Xe thu tinh.rar
Asia 104 - Lam Nhat Tien - Yeu em am tham.rar
Asia 105 - Lam Thuy Van - Da qua thoi mong cho.rar
Asia 106 - Night and day of missing you.rar
Asia 108 - Tra em cay dang mong vang.rar
Asia 110 - Gia Huy 3 - Tinh yeu mat nai.rar
Asia 111 - Doi bo - Asia.rar
Asia 112 - Dinh gio hu.rar
Asia 114 - The best of Rumba.rar
Asia 115 - Nhung mua qua tren cuoc tinh toi.rar
Asia 116 - Tinh yeu va trai dang.rar
Asia 117 - Nguoi yeu ly tuong.rar
Asia 118 - Trish - Dont Know Why.rar
Asia 119 - The best of da vu 7 - Giong nhu toi.rar
Asia 120 - Cam on anh.rar
Asia 121 - Lam Nhat Tien - Lam lai tu dau - 1998.rar
Asia 122 - Noi di anh.rar
Asia 123 - Technowave Remix.rar
Asia 124 - Thanh Truc - Em van mo - APE.rar
Asia 125 - Loi noi yeu dau tien.rar
Asia 126 - Le Tam - Dieu gi do.rar
Asia 127 - Dem buon tinh le.rar
Asia 128 - Chacha Nonstop - Yeu het con tim.rar
Asia 129 - The Best Of Chinese Melodies 1.rar
Asia 130 - Trish Thuy Trang - Secret Place.rar
Asia 131 - The best of Da vu 8 - Ke phu tinh.rar
Asia 132 - Shayla 3 - Funktify.rar
Asia 133 - Tu luc em di.rar
Asia 134 - Lam Thuy Van - Trong man dem.rar
Asia 135 - The best of Asia remix.rar
Asia 136 - Gio mua va Anh.rar
Asia 137 - Vung bien vang.rar
Asia 138 - Mua dem tinh nho.rar
Asia 139 - Se hon bao gio het - APE.rar
Asia 140 - Diep Thanh Thanh - Goi anh.rar
Asia 141 - Dong nhac Tram Tu Thieng - CD1.rar
Asia 141 - Dong nhac Tram Tu Thieng.rar
Asia 142 - I'll Dream Of you.rar
Asia 143 - Toi nho ten anh.rar
Asia 144 - Can nha ngoai o.rar
Asia 145 - Nuoc mat me toi.rar
Asia 146 - All that I am.rar
Asia 147 - Trai tim soi da - 2000.rar
Asia 149 - The best of Chinese melody 2.rar
Asia 150 - Tinh khuc Truc Sinh - Tha rang anh noi.rar
Asia 151 - Dung hoi vi sao.rar
Asia 152 - Asia Number 1 hits love songs - CD1.rar
Asia 152 - Asia Number 1 hits love songs - CD2.rar
Asia 153 - Anh con no em.rar
Asia 154 - Cyber Love - Nhac hoa tau hien dai.rar
Asia 155 - Can gac luu day - CD1.rar
Asia 155 - Can gac luu day - CD2.rar
Asia 156 - Lam Nhat Tien - Mai yeu nguoi thoi.rar
Asia 157 - Neu biet truoc.rar
Asia 158 - A part of you.rar
Asia 159 - Trish - The best of - All my Favorite songs - CD1.rar
Asia 159 - Trish - The best of - All my Favorite songs - CD2.rar
Asia 160 - Diep Thanh Thanh - Con gai nha lanh.rar
Asia 161 - Ngoc Lan 1982-1991 - Special Collection - CD 01.rar
Asia 161 - Ngoc Lan 1982-1991 - Special Collection - CD 02.rar
Asia 161 - Ngoc Lan 1982-1991 - Special Collection - CD 03.rar
Asia 162 - Merry Christmas.rar
Asia 163 - Chuyen nguoi con gai ao sen.rar
Asia 164 - Co nhung chuyen tinh khong la tram nam.rar
Asia 165 - Lien khuc tinh yeu 4.rar
Asia 166 - Che Linh_ Thanh Tuyen - Mai lo minh xa nhau - CD1.rar
Asia 166 - Che Linh_ Thanh Tuyen - Mai lo minh xa nhau - CD2.rar
Asia 167 - Chieu trong tu - CD1.rar
Asia 167 - Chieu trong tu - CD2.rar
Asia 168 - Heart 2 Exist - Who I Am.rar
Asia 169 - Golden cha cha cha Vol 2.rar
Asia 170 - Gia Huy 4 - Hon moi xa.rar
Asia 171 - The best of Da vu 9.rar
Asia 172 - Tuan Ngoc - Va toi mai yeu em - CD1 - APE.rar
Asia 172 - Tuan Ngoc - Va toi mai yeu em - CD2 - APE.rar
Asia 173 - Nhung ky niem tinh yeu.rar
Asia 174 - Siren.rar
Asia 176 - Take Me To Your Heart.rar
Asia 177 - Lam Nhat Tien - Giua hai mua mua nang - CD1.rar
Asia 177 - Lam Nhat Tien - Giua hai mua mua nang - CD2.rar
Asia 178 - We'll Fly Again.rar
Asia 179 - Nhu anh can em.rar
Asia 180 - Truong Vu - Gap nhau lam chi.rar
Asia 180 - Truong Vu - The best of - Gap nhau lam chi.rar
Asia 181 - Thanh Truc - Em nghi den anh - APE.rar
Asia 182 - Philip Huy - Mong nguoi phuong xa.rar
Asia 183 - The Last Promise - The Asia 4.rar
Asia 184 - Lien khuc Chieu mua 4.rar
Asia 185 - Ly ruou mung - 2002.rar
Asia 186 - Nhung ca khuc mung Xuan.rar
Asia 187 - Gia Huy - Thien dang danh mat.rar
Asia 188 - Top hits 2 - CD1.rar
Asia 188 - Top hits 2 - CD2.rar
Asia 189 - Thien Kim - Trai tim an nan - APE.rar
Asia 190 - Sy Dan _ Vu Duc - Nho em chieu nay.rar
Asia 191 - Chuc mung tuoi me.rar
Asia 192 - Tinh cha.rar
Asia 194 - Asia Remix 2.rar
Asia 195 - Lien khuc Chinese Top Hits.rar
Asia 196 - Mau nhiem tinh yeu.rar
Asia 197 - Lien khuc Thanh pho buon.rar
Asia 198 - Lang thang duoi mua.rar
Asia 199 - Nhung ngay thang khong ten.rar
Asia 200 - Waiting for you.rar
Asia 201 - Tinh khuc the gioi.rar
Asia 202 - Trish - The best of - No.Two - CD2.rar
Asia 202 - Trish - The best of - No.Two.rar
Asia 203 - Doi thong hai mo.rar
Asia 204 - Lien khuc trai tim.rar
Asia 205 - Dau chan cua bien.rar
Asia 206 - Cardin - Trai tim dai kho - Foolish Heart.rar
Asia 207 - Thuy Huong _ Anh Minh - Puriti.rar
Asia 208 - Vien du mua xuan.rar
Asia 209 - Truong Vu _ Ngoc Huyen - Phan gai thuyen quyen.rar
Asia 210 - Gio da khong con nua(1).rar
Asia 210 - Gio da khong con nua.rar
Asia 211 - Thien Kim - Ngo nhu tinh da quen minh.rar
Asia 212 - Mua ngoai o.rar
Asia 213 - Bien song tinh em.rar
Asia 215 - Lien khuc Top hits - 2006.rar
Asia 216 - Pham Khai Tuan - Chi co rieng em.rar
Asia 217 - Lien khuc vi do la em.rar
Asia 218 - Lien khuc - Go cua.rar
Asia 219 - Lien khuc Chuyen hoa sim - Tuan Vu_ Ngoc Huyen_ Bang Tam.rar
Asia 220 - Nguyen Khang - Dong doi.rar
Asia 221 - Tinh khuc the gioi 2.rar
Asia 222 - Tinh thu cua linh.rar
Asia 223 - Nguoi o lai Charlie.rar
Asia 224 - Trang tan tren he pho.rar
Asia 225 - Dang The Luan _ Bang Tam - Tim nhau trong ky niem.rar
Asia 226 - Chuyen hop tan - Golden Hits Love Songs Vol1.rar
Asia 227 - Lien khuc Nhu vat nang.rar
Asia 228 - Ngoc Ha - Nuoc mat mua thu.rar
Asia 229 - Lam Nhat Tien - Noi voi toi mot loi - 2006.rar
Asia 231 - Em hau phuong anh tien tuyen.rar
Asia 232 - Lien khuc Chuyen gian thien ly.rar
Asia 233 - Dang The Luan - Khoc me dem mua - APE.rar
Asia 234 - Khi ta xa roi nhau.rar
Asia 235 - Chuyen tinh nguoi dan ao.rar
Asia 236 - Me yeu.rar
Asia 237 - Tinh khuc Truc Ho - Toi nghiep than anh.rar
Asia 238 - Tinh khuc Tram Tu Thieng - Trom nhin nhau.rar
Asia 239 - Tuan Vu _ Kim Tu Long - Giot le dai trang.rar
Asia 240 - Sau dong.rar
Asia 241 - Bang Tam - Chuyen ba mua mua.rar
Asia 242 - Lien khuc Chinese Remix III.rar
Asia 243 - Bao Yen - Thoi the thi chia tay.rar
Asia 244 - Tinh khuc Truc Ho - Tinh yeu va tinh nguoi.rar
Asia 245 - Dang The Luan - Nguoi thuong binh.rar
Asia 246 - Dang The Luan _ Bang Tam - Tam su voi anh - 2008.rar
Asia 247 - Asia 4 - Greatest Hits.rar
Asia 248 - Money Money.rar
Asia 249 - Anh con yeu em.rar
Asia 250 - Ke o mien xa.rar
Asia 251 - Thuong anh.rar
Asia 252 - Y Phung - Giot buon khong ten.rar
Asia 253 - Thien Kim - Anh con no em.rar
Asia 254 - Ngoc Ha - The best of - Suoi mo.rar
Asia 255 - Tuan Vu - The best of - Ke chuyen trong dem.rar
Asia 256 - Lam Thuy Van - Mot thoi da xa.rar
Asia 257 - Vang trang tinh yeu.rar
Asia 258 - Suong lanh chieu dong(1).rar
Asia 258 - Suong lanh chieu dong.rar
Asia 260 - Dan Nguyen - Nhung loi nay cho em(1).rar
Asia 260 - Dan Nguyen - Nhung loi nay cho em.rar
Asia 261 - Nhung kiep hoa xuan(1).rar
Asia 261 - Nhung kiep hoa xuan.rar
Asia 262 - Toi chua co mua xuan.rar
Asia 263 - Chi la phu du thoi.rar
Asia 264 - Nhu Quynh - Mua buon.rar
Asia 265 - Bac dau.rar
Asia 266 - Chuyen tinh Mong Thuong.rar
Asia 267 - Giai sang tac 2008.rar
Asia 268 - Tinh khuc Anh Bang 1 - Chuyen hoa Tigon.rar
Asia 269 - Tinh khuc Anh Bang 2 - Tu thuo yeu em.rar
Asia 270 - Ngày cuoi em - 2009.rar
Asia 271 - Hai trai tim vang.rar
Asia 272 - Nguyen Hong Nhung - Chu nhat xam - 2009.rar
Asia 273 - Trish Thuy Trang - Whispers.rar
Asia 274 - Dan Nguyen _ Y Phung - Hay quen anh.rar
Asia 275 - Ta ao dem noel.rar
Asia 276 - Dan Nguyen - Thanh pho mua bay - 2010.rar
Asia 277 - Lien khuc don xuan.rar
Asia 278 - Dang The Luan - Nhat ky hai dua minh.rar
Asia 279 - The best of Da vu quoc te - 2010.rar
Asia 280 - Xin thoi gian ngung troi.rar
Asia 282 - Lien khuc Phuong Hoang.rar
Asia 283 - Lien khuc Dem buon tinh le _ Nhung doi hoa sim.rar
Asia 285 - Quoc Khanh 2 - Nguoi den nhu con mo.rar
Asia 286 - Ng Hong Nhung _ Lam Nhat Tien - Em co con yeu anh.rar
Asia 287 - Doan Phi - Thien than toi loi.rar
Asia 288 - Mai Thanh Sơn - Em la tat ca.rar
Asia 289 - Tuyet pham hop ca - Dap loi song nui.rar
Asia 290 - Thuo ay co em.rar
Asia 291 - Ao anh sut chi duong ta - 2010.rar
Asia 292 - Ho Hoang Yen - Bao tinh.rar
Asia 293 - Dang The Luan _ Tam Doan - tuyet lanh.rar
Asia 294 - Mau xanh noel - Giang sinh 2010.rar
Asia 295 - Le Anh Quan - Mot phut giay thoi.rar
Asia 296 - Neu xuan nay em lay chong.rar
Asia 298 - Quoc Khanh - Chi chugn do thoi.rar
Asia 300 - Anh Bang - Dong nhac luu vong 1.rar
Asia 301 - Anh Bang - Dong nhac luu vong 2 - Hen nguoi kiep sau.rar
Asia 302 - Sai gon ky niem(2011).rar
Asia 303 - SG Ve Mien Di Vang.rar
Asia 304 - Ha Thanh Xuan - Mua.rar
Asia 306 - HCSV - Tren Dau Sung.rar
Asia 310 - Nguyen Khang_ Diem Lien - Rong reu.rar
Asia 311 - Em con nho mua xuan.rar
Asia 312 - Mua xuan do co em.rar
Asia 313 - Anh la ai_ vietnam toi dau.rar
Asia 314 - Con nho khong em.rar
Asia 317 - Philip Huy_ My Huyen - Dinh menh.rar
Asia 318 - Hoang Oanh - The best - Chuyen do vi tuyen - NRG.rar
Asia 319 - Le Anh Quan - Mat le cho nguoi.rar
Asia 42 - Tuan Vu_ Thien Trang - Dam me.rar
Asia CD336 - Cau kinh tinh yeu - 320k.rar
Asia CD337 - Dang The Luan - Canh phuong hong thuo xua - 320k.rar
Asia CS004 - Trish Thuy Trang.rar
Asia CS006 - Ngoc Ha - Nuoc mat mua thu.rar
Asia CS007 - Y Phuong - Tra no tinh xa.rar
Asia CS009 - Dang The Luan _ Ngoc Huyen - La trau xanh.rar
Asia CS016 - Khoc tham.rar
Asia CS019 - Bao Yen - Chieu ha vang.rar
Asia CS021 - Y Phuong - Nua hon thuong dau.rar
Asia CS022 - Quoc Khanh - Van mong em ve.rar
Asia CS023 - Tam Doan - Sau le bong.rar
Asia CS024 - Nguoi dan ba di nhat mat troi.rar
Asia CS025 - Y Phuong - Mua (2010).rar
Asia CS026 - Dan Nguyen - Xin lam nguoi tinh co don - 2010.rar
Asia CS027- Lien khuc Mua.rar
Asia CS032 - Anh Minh - Mua dong yeu thuong.rar
Asia CS033 - Dang The Luan _ Ngoc Huyen - Noi lai tinh xua.rar
Asia CS035 - Tuong Nguyen - Mo Ve Me.rar
Asia CS037 - Dan Nguyen_ Quoc Khanh - Nho me.rar
Asia CS038 - Dang The Luan - Ngang trai.rar
Asia CS039 - Vi Em - Tinh khuc Le Duc Long.rar
Asia CS040 - Lam Thuy Van - Bay nam moi tinh cam.rar
Asia CS041 - Ho Hoang Yen - Tinh Lo.rar
Asia CS042 - Dan Nguyen - Co the thoi.rar
Asia CS043 - Thien Kim - Hoa tau dan tranh.rar
Asia CS044 - Tam Doan - Tinh chua cao voi.rar
Asia CS046 - Giang Tu - Tuyet pham 1.rar
Asia Tinh ca 20 - Lien khuc chieu mua - Ngoc Lan_ Luu Hong_ Huy Sinh.rar
Asia Tinh ca 20 - Nhac hoa tau - Nhung doi hoa sim.rar
Asia Tinh ca 20 - Tuan Vu_ Che Linh_ Thien Trang - Doi bong.rar
Asia214 - Ngoc Huyen - Tan Co - Khong Bao Gio Quen Anh.rar
Asia228 - Cardin - Se mai mai.rar
Asia281 - Y Phung - Tan co Nguu Lang Chuc Nu.rar
Asia284 - Tuong Nguyen_ tuong khue - Nhan co cho em.rar
Asia39 - Mua rung - tape.rar
AsiaCD - Holiday.rar
AsiaCD 308 - Tinh yeu giang sinh.rar
AsiaCD009 - Asia Tet.rar
AsiaCD175 - Asia 4 - make Believe.rar
AsiaCD230 - Anh Minh_ Thuy Huong - Men say tinh ai.rar
AsiaCD327 - Trieu Con Tim - TrungCauCutNhanhKhoiBienDong.rar
AsiaCDCD036 - Nguyen Hong Nhung - Duong nhu.rar
AsiaCDCS037 - Quoc Khanh_ Dan Nguyen - Nho me.rar
AsiaCDCS044 - Tam Doan - Tinh chua cao voi.rar
AsiaCS028 - Anh Minh - Take control.rar
AsiaCS029 - Lam Thuy Van - Trai cam tinh yeu.rar
AsiaCS030 - Nguyen Khang - Mot lan trong doi.rar
AsiaCS034 - Lien khuc 5 mua.rar
CDCD - Manh Dinh - Thang gieng ngoi gion bong minh.rar
CDCD - Ngoc Lan - Buc hoa tinh nhan - 4CD.rar
CDCD - Phuong Hong Que - Em toi.rar
CDCD - Phuong Hong Que - Em van cho anh.rar
CDCD - Phuong Hong Que - Tuyet lanh.rar
CDCD - Phuong Hong Que 11 - Tien va la.rar
CDCD - Quang Le - Hue dem trang - 2004(1).rar
CDCD - Quang Le - Hue dem trang - 2004.rar
CDCD - Quang Le_ Mai Thien Van - Xom Dem.rar
CDCD - Thanh Tuyen - Nhung tinh khuc bat hu vol 2.rar
CDCD - Thi nhac giao duyen - dong hoa vang.rar
CDCD - Thi nhac giao duyen 3 - mau tim hoa sim.rar
CDCD - Truong Vu - Ke o mien xa
CDCD - Truong Vu - Ke o mien xa.rar
CDCD - Truong Vu_ Mong Thi - Ve que ngoai.rar
CDCD - Truong Vu_ Phi Nhung - Ke boi bac.rar
CDCD - Tu Quyen_ Jonny Dung - Dai lo muon mau.rar
CDCD - Tuan Vu - Tuyet pham de doi - 4CD.rar
CDCD - Tung Chau's band - Golden Chachacha.rar
CDCD _ Toc May 008 - Van Duc_ Kim Cuc - Con mua tinh.rar
CDCD003 - Nhip vong dong dua.rar
CDCD016 - Truong Vu - Thuong tinh nhan.rar
CDCD017 - Phuong Lien - Tan co giao duyen - Tra lai thoi gian.rar
CDCD019 - Truong Vu - Con me tinh ai.rar
CDCD020 - Truong Vu - Ty Ngo cua toi.rar
CDCD023 - Truong Vu - Dap vo cay dan.rar
CDCD025 - Truong Vu_ Phi Nhung_ Hong Truc - Nam cum nui que huong.rar
CDCD027 - Truong Vu dac biet - Linh 2 - Chung minh ba dua.rar
CDCD028 - Truong Vu _ Hong Truc - Buon trong ky niem.rar
CDCD029 - Hong Truc 1 - Tam neo duong thanh.rar
CDCD030 - Truong Vu - Loi yeu chua ngo.rar
CDCD032 - Truong Vu _ Hong Truc - Tuy ca.rar
CDCD033 - Truong Vu - Tim quen.rar
CDCD034 - Truong Vu_ Hong Truc - Nho mot nguoi.rar
CDCD035 - Hong Truc 2 - Cho nguoi vao cuoc chien.rar
CDCD036 - Truong Vu_ Hong Truc - Pho vang.rar
CDCD037 - Hong Truc 3 - Thuong ve vung hoa tuyen.rar
CDCD038 - Truong Vu - Gia biet Sai Gon.rar
CDCD040 - Tuan Vu - Tai ngo - Nguoi da nhu mo - 1999.rar
CDCD043 - Nhung chuyen xe trong cuoc doi.rar
CDCD044 - Lam Gia Minh_ Hong Truc_ Phi Nhung - Phien khuc chieu mua.rar
CDCD045 - Hong Truc 4 - Doi bong.rar
CDCD050 - Truong Vu_ Hong Truc - Vong ve tim(1).rar
CDCD050 - Truong Vu_ Hong Truc - Vong ve tim.rar
CDCD051 - Truong Vu_ Hong Truc - Hinh anh nguoi em khong doi.rar
CDCD053 - Truong Vu _ Lam Gia Minh - Tinh buon pho cu.rar
CDCD054 - Truong Vu - Nhung tinh khuc bat tu.rar
CDCD057 - Truong Vu _ Lam Gia Minh - Bai ca dao xot xa.rar
CDCD058 - Truong Vu - Nhung chuyen tinh trong mua.rar
CDCD060 - Hong Truc 5 - Can nha ngoai o.rar
CDCD061 - Tieng hat chim da da.rar
CDCD063 - Hong Truc 6 - Xin tra toi ve.rar
CDCD065 - 2 become 1.rar
CDCD066 - Truong Vu - Bat hu 2.rar
CDCD069 - Giao Linh - Nhung tinh khuc bat hu.rar
CDCD070 - Tuan Vu - Nhung tinh khuc bat hu - Nhung doi hoa sim.rar
CDCD072 - Tren bon vung chien thuat.rar
CDCD074 - Truong Vu - Tuyet pham 1 - Rung la thay chua.rar
CDCD083 - Hong Truc 7 - Cay dang bo moi.rar
CDCD086 - Huong Lan - Nhung tinh khuc bat hu.rar
CDCD092 - Truong Vu_ Phi Nhung - Co tham ve lang.rar
CDCD098 - Truong Vu_ Thanh Thu - Khong bao gio quen anh.rar
CDCD103 - Song que 1_ 2_ 3.rar
CDCD104 - Noi buon Chau Pha.rar
CDCD106 - Hong Truc 8 - Nang dep mien nam.rar
CDCD109 - Phi Nhung - Dem giot sau roi.rar
CDCD111 - Che Linh_ Truong Vu - Ba thang quan truong.rar
CDCD112 - Hong Truc 9 - Tam su doi toi.rar
CDCD113 - Hong Truc 10 - Tinh ta nhu lua dom hoa.rar
CDCD114 - Hong Truc 11 - Nhung bai tinh ca mua dong.rar
CDCD115 - Hong Truc 12 - Que me.rar
CDCD116 - Hong Truc 13 - Rung la thap.rar
CDCD117 - Hong Truc 14 - Ke chuyen trong dem.rar
CDCD118 - Hong Truc 15 - Tinh co do.rar
CDCD124 - Duy Vu - Go cua trai tim.rar
CDCD127 - Tuan Vu bat hu.rar
CDCD130 - Duy Khanh - Bat hu 1 - Bao gio em quen.rar
CDCD131 - Duy Khanh 2 - Bai huong ca vo tan.rar
CDCD135 - Quang Le - The best of - Chim sao ngay xua.rar
CDCD176 - Duy Vu - Doan tinh dang do.rar
CDCD177 - Luu Hong - Mua dem ngoai o.rar
CDCD177 - Truong Vu _ Huong Lan - Tam diep khuc.rar
DXCD - Hoa Xuan.rar
DXCD - Noel Noel.rar
DXCD - Ta on em.rar
DXCD - Thanh Lam - Chua ra doi.rar
DXCD001 - Dau vet tinh ta.rar
DXCD002 - Khanh Ha - Coi tinh.rar
DXCD004 - Thai Thanh - Ngay xua hoang thi.rar
DXCD005 - Hoa tau Duy Cuong - Dem nguyet cam 3.rar
DXCD006 - Khanh Ly - Thuong mot nguoi.rar
DXCD007 - Julie - Ngan nam van doi.rar
DXCD008 - Si Phu - Co tinh nao khong phai(1).rar
DXCD008 - Si Phu - Co tinh nao khong phai.rar
DXCD009 - Dem hoang lan - Tinh khuc Hoang Thanh Tam.rar
DXCD010 - Mo ve em.rar
DXCD011 - Tuoi biet buon.rar
DXCD012 - Thai Hien_ Tuan Ngoc - Loi goi chan may.rar
DXCD013 - Thai Thanh - Que huong va ky niem.rar
DXCD014 - Vu Khanh - Tinh ca Pham Duy - 1991.rar
DXCD015 - Tinh ca mua ha.rar
DXCD016 - Thai Thanh hai ngoai 3 - Dem Mau Hong.rar
DXCD017 - Y Lan - Tinh ca Pham Duy - Ngan nam van khong quen.rar
DXCD018 - Dau vet tinh ta 2.rar
DXCD019 - Vu Khanh_ Ngoc Lan - Nguoi em sau mong.rar
DXCD020 - Vu Khanh - Goi nguoi yeu dau.rar
DXCD021 - Y Lan - Mong manh.rar
DXCD022 - Thai Thanh 4 - Dem nho trang Sai Gon.rar
DXCD024 - Vu Khanh - Co lang gieng.rar
DXCD025 - Y Lan 2 - Bay di canh chim bien.rar
DXCD026 - Vu Khanh - Thuong em thi thuong rat nhieu.rar
DXCD030 - Vu Khanh_ Y Lan - Chieu nay vang em.rar
DXCD031 - Y Lan - Tuyet tinh.rar
DXCD032 - Nguyet Anh_ Viet Dzung - Em yeu yeu lai tu dau.rar
DXCD033 - Vu Khanh - Gui toi em.rar
DXCD034 - Y Lan_ Quynh Giao - Hen em sao khong den.rar
DXCD035 - Hay noi yeu em.rar
DXCD036 - Ao lua ha dong.rar
DXCD037 - Y Lan - Nhu da dau yeu.rar
DXCD038 - Y Lan_ Tuan Cuong - Tren moi uoc the.rar
DXCD039 - Vu Khanh_ Y Lan - Tram nho ngan thuong.rar
DXCD040 - Thai Thanh - Hoi trung duong.rar
DXCD041 - Vu Khanh - Hon em lan cuoi hon em lan dau.rar
DXCD041_Vu Khanh (WAV).rar
DXCD043 - Y Lan - Van co em ben doi - Tinh khuc Trinh cong son.rar
DXCD044 - Dau vet tinh ta 3(1).rar
DXCD044 - Dau vet tinh ta 3.rar
DXCD045 - Vu Khanh - Tu luc em di.rar
DXCD046 - Y Lan_ Trinh Vinh Trinh - Tinh khuc mua dong.rar
DXCD046.rar
DXCD047 - Y Lan_ Elvish Phuong - Bien Mo.rar
DXCD049 - Trinh Vinh Trinh - Hoa vang may do.rar
DXCD050 - Y Lan - Xin mot ngay mai co nhau.rar
DXCD051 - Y Lan - Tuan Ngoc - Loi yeu thuong.rar
DXCD051_Loi Yeu Thuong.rar
DXCD052 - Thanh Lan - Ban tango dam say.rar
DXCD052_Ban Tango Dam Say.rar
DXCD053 - Vu Khanh - Giot nang ben them.rar
DXCD054 - Y Lan - Hen ho.rar
DXCD056 - Vu Khanh_ Y Lan - Toc mai soi van soi dai.rar
DXCD057 - Tuan Ngoc Trinh Vinh Trinh - Moi nao hay con thom.rar
DXCD057_Moi Nao Hay Con Thom.rar
DXCD058 - Vu Khanh - Con yeu em mai.rar
DXCD060 - Mai Huong - Nhat canh sao roi.rar
DXCD061 - Y Lan - Mua xuan trong doi mat em.rar
DXCD062 - Em ngu trong mot mua dong.rar
DXCD066 - Trinh Vinh Trinh - Doa hoa vo thuong.rar
DXCD067 - Thuong nhau ngay mua.rar
DXCD068 - Thanh ha - Mot doi xin nho mai.rar
DXCD06_Em Ngu Trong Mot Mua Dong.rar
DXCD071 - 30 nam tho nhac Du Tu Le - Que huong la nguoi do.rar
DXCD072 - Vu Khanh - Em di bo lai con duong.rar
DXCD073 - Dau vet tinh ta 4.rar
DXCD075 - Hoang Nam - Tinh mai dam me.rar
DXCD075.rar
DXCD076 - Vu Khanh_ Thanh Ha - Gia biet tinh em.rar
DXCD077 - Y Lan - Yeu tham.rar
DXCD078 - Trinh Vinh Trinh - Em den tu nghin xua.rar
DXCD078.rar
DXCD079 - Trizie_ Trung Hanh - Still Of The Nite.rar
DXCD080 - Anh Dung - Toi co em chieu thu.rar
DXCD080.rar
DXCD081 - 20 nam.rar
DXCD081.rar
DXCD082 - Thanh Ha - Yeu nguoi muon mang.rar
DXCD082.rar
DXCD083 - Duy Trac - Con tieng hat gui nguoi.rar
DXCD084 - Vu Khanh - Co hang nuoc.rar
DXCD086 - Hoang Nam_ Thanh Ha_ Thanh Thuy - Khi co don em goi ten anh.rar
DXCD087 - Phi Nhung _ Quoc Tuan - Ky niem chung minh.rar
DXCD088 - Thanh Ha_ Vu Tuan Duc - Duong nhu em da yeu anh.rar
DXCD089 - Anh Dung - Troi con mua khong em.rar
DXCD090 - Phi Nhung - Giot le tinh - 1995.rar
DXCD091 - Da lat tinh yeu.rar
DXCD092 Thanh Thuy - Ngay ta ben nhau.rar
DXCD095 - Vu Khanh_ Thanh ha - Cho em muon kiep.rar
DXCD097 - Vu Khanh 96 - O dau cung co em.rar
DXCD100 - Lo mot lan tru mua.rar
DXCD103 - Hoang Nam - tuong nho mui huong.rar
DXCD104 - Phi Nhung - Co le - 1996.rar
DXCD105 - Mai Huong - Serenade.rar
DXCD106 - Huong Lan_ Quoc Tuan - Thuong anh mat doi mat cho.rar
DXCD108 - Vu Khanh - Yeu em mot nua.rar
DXCD111 - Tinh khuc mong manh.rar
DXCD113 - goi tinh thiet tha - THIEU TRACK 7.rar
DXCD113 - goi tinh thiet tha.rar
DXCD114 - Y Lan - Nhin nhung nua thu di.rar
DXCD115 - Vu Khanh - Thuo ban dau.rar
DXCD117 - Ky Anh - Ve mien dat lanh.rar
DXCD119 - Vu Khanh - Dieu ran thu sau.rar
DXCD122 - Anh Dung - Gui nguoi em gai.rar
DXCD125 - Hoang Nam 5 - Toi muon noi yeu em.rar
DXCD127 - Ngoc Hue - Cho mot tinh yeu(1).rar
DXCD128 - La Suong Suong - Ngay em di.rar
DXCD132 - Vu Khanh - The best of - Phuong hong.rar
DXCD137 - La Suong Suong - Em la tinh yeu.rar
DXCD139 - Phi Nhung - Do doc - 1997.rar
DXCD140 - Vu Khanh_ La Suong Suong - Nho em Ha noi.rar
DXCD141 - Xin hay roi xa.rar
DXCD143 - Ky Anh - Toc em duoi ga.rar
DXCD145 - Vu Khanh - Ta muon cung em say.rar
DXCD149 - Tuan Ngoc - On Em.rar
DXCD152 - Vu Khanh - Anh biet em di chang tro ve.rar
DXCD158 - Tho Du Tu Le - Giu doi cho nhau.rar
DXCD159 - Sy Phu - Em den tham anh mot chieu mua.rar
DXCD161 - Vu Khanh - Hanh phuc ta hanh phuc nguoi.rar
DXCD163 - Truc Mai - Han Mac Tu.rar
DXCD164 - Vu Khanh - Tinh khuc Vu Thanh An - Tinh khuc thu nhat.rar
DXCD166 - Thai Thanh - Chieu ve tren song.rar
DXCD167 - Mai Huong - Nhu giot sau roi.rar
DXCD169 - Vu Khanh_ Khanh Ha - Gap em yeu em.rar
DXCD172 - Vu Khanh - Ha Noi ngay thang cu.rar
DXCD180 - Tenor Saxophone Anh Thy - Vet lan tram.rar
DXCD47.rar
Doremi CD008 - Lien khuc Xuan tuoi tre.rar
DuyenKiep_AsiaCDCS048_320K.rar
GLCD017 - Ruoc xuan ve nha.rar
GNCD - Anh Vu 1 - Trom nhin nhau.rar
GNCD - Che Linh _ Thanh tuyen - Ngay con em ben toi.rar
GNCD - China Boy - Newwave trung nghia 3.rar
GNCD - Con thuyen khong ben.rar
GNCD - Da vu mung xuan.rar
GNCD - Don Ho 1 - Donna Donna.rar
GNCD - Don Ho _ Linh Thao - Mong manh.rar
GNCD - Don Ho_ Linh Thao 2 - Vuon dia dang.rar
GNCD - Don Ho_ Ngoc Bich 1 - Yesterday.rar
GNCD - Elvis Phuong_ Ngoc Lan_ Kieu Nga - Nguoi di qua doi toi.rar
GNCD - Giao Linh _ Phuong Mai - Anh o dau.rar
GNCD - Giao Linh _ Truong Hai - Nhung chuyen tinh ngang trai.rar
GNCD - Ha Thanh - Hai ngoai thuong ca.rar
GNCD - Ha thanh - Chieu mua bien gioi.rar
GNCD - Hon trinh nu - T. Tuyen - G. Linh - H. Lan.rar
GNCD - Khi tinh da xa.rar
GNCD - Kieu Nga - Toi di giua hoang hon.rar
GNCD - Le Thu - Khuc Tango sau.rar
GNCD - Le Uyen - Trinh Cong Son 1 - Ca khuc da vang.rar
GNCD - Le Uyen Phuong - Hay yeu nhau di(1).rar
GNCD - Le Uyen Phuong - Hay yeu nhau di.rar
GNCD - Lien khuc New Wave 2.rar
GNCD - Lien khuc New Wave.rar
GNCD - Loi dang cho cuoc tinh.rar
GNCD - Lynda Trang Dai - Mercedes Boy(1).rar
GNCD - Lynda Trang Dai - Mercedes Boy.rar
GNCD - Mot chuyen bay dem(1).rar
GNCD - Mot chuyen bay dem.rar
GNCD - New Wave 6 - Shy shy sugarmen.rar
GNCD - Ngoc Lan - Hat cho que huong vietnam.rar
GNCD - Ngoc Lan _ Don Ho - Comme Toi.rar
GNCD - Ngoc Lan _ Don Ho - Tinh phu.rar
GNCD - Ngoc Lan _ Don Ho 2 - Con duong tinh ta di - 1992.rar
GNCD - Ngoc Lan _ Don Ho 4 - Xin con goi ten nhau.rar
GNCD - Ngoc Lan_ Vu Khanh_ Kieu Nga - Bao gio biet tuong tu.rar
GNCD - Nguoi tinh khong chan dung.rar
GNCD - Nhac tien chien - Chieu vang.rar
GNCD - Nhac tien chien 3 - Giot mua thu.rar
GNCD - Nhat Huy_ Thuy Vi_ Lynda Trang Dai - Tiec nuoi.rar
GNCD - Nhat Truong _ Thanh Tuyen - Mua chieu ky niem.rar
GNCD - Nhat Truong_ Phuong Hong Que_ Anh Khoa - Ta ao tim.rar
GNCD - Nhung sang tac cua Alan Nguyen.rar
GNCD - Phuong Dung - Nua vanh trang doi - 1996.rar
GNCD - Phuong Dung - Thu nguoi chien binh.rar
GNCD - Phuong Dung 2 - Nhung doi hoa sim - 1997.rar
GNCD - Phuong Hong Que 4 - Tinh say.rar
GNCD - Phuong Hong Que 7 - Dong le.rar
GNCD - Phuong Hong Que_ Nhat Truong 2 - Sai Gon thu bay.rar
GNCD - Phuong Mai - Chi co mot nguoi.rar
GNCD - Phuong Mai - Giong ca di vang.rar
GNCD - Phuong Mai - Thanh pho buon.rar
GNCD - Phuong Mai - Truc Dao.rar
GNCD - Samba Mambo.rar
GNCD - Thai Tai - Vol.2 - Con bao tuyet.rar
GNCD - The gioi nhac tre 2 - Papa.rar
GNCD - Thien Trang - Dong song tuoi ngoc.rar
GNCD - Thung lung hong.rar
GNCD - Tinh ca Chau Dinh An - Tinh yeu oi tinh yeu.rar
GNCD - Tinh ca Hoang Thanh Tam 2 - Khuc nhac sau cho em.rar
GNCD - Tinh khuc Ngo Thuy Mien.rar
GNCD - Tinh khuc Truc Phuong - Chuyen chung minh.rar
GNCD - Tinh khuc Tuan Khanh - Mot chieu dong.rar
GNCD - Tinh khuc hoang thanh tam - loi tinh buon.rar
GNCD - Top 40 - Lost in your eyes.rar
GNCD - Tu quy dac biet - Ru em tron giac ngu.rar
GNCD - Tuan Vu - Dac biet - Dau chan ky niem - 1991.rar
GNCD - Tuan Vu - The best of - Tram nam ben cu.rar
GNCD - Tuan Vu _ Giao Linh 3 - Em sap ve chua.rar
GNCD - Tuan Vu _ Phuong Dung - Han Mac tu.rar
GNCD - Tuan Vu _ Phuong Mai - Duyen que - 1992.rar
GNCD - Tuan Vu _ Phuong Mai - Tinh lo - 1991.rar
GNCD - Tuan Vu _ Thanh Tuyen - Khuc hat an tinh.rar
GNCD - Tuan Vu _ Thien Trang - Duong sang nha em - 1990.rar
GNCD - Tuan Vu _ Thien Trang - Vong tay giu tron an tinh (1992).rar
GNCD - Tuan Vu_ Giao Linh_ Thanh Tuyen - Tinh sau bien gioi.rar
GNCD - Tuan Vu_ Huong Lan - Mong uoc mai sau.rar
GNCD - Tuan Vu_ My Huyen - Co hang xom.rar
GNCD - Tuan Vu_ Phuong Mai - Chuyen tinh Lan va Diep.rar
GNCD - Ve mai nha xua.rar
GNCD - Vu Khanh - Dem hoang lan.rar
GNCD - Y Lan _ Don Ho - Hung ho.rar
GNCD - Y Lan_ Don Ho - La Nuit.rar
GNCD 001 - Ngoc Lan 1 - Nguoi yeu dau.rar
GNCD 002 - Ngoc Lan 2 - L'amour - Tinh ta.rar
GNCD 003 - Nang thuy tinh.rar
GNCD 004 - Les Amourex Qui Passe.rar
GNCD 005 - Con chut gi de nho.rar
GNCD 006 - Muoi thuong.rar
GNCD 007 - Tuan Vu 2 - Hoa bien - 1989.rar
GNCD 008 - Huong Lan_ Tuan Vu_ Duy Quang_ Ngoc Lan - Vet thuong cuoi cung.rar
GNCD 009 - Le Thu - Ve mien trung.rar
GNCD 011 - New Wave Collection 7 stranger by night.rar
GNCD 012 - Ngu di em.rar
GNCD 013 - Ai cho toi tinh yeu.rar
GNCD 014 - Mot thoi de nho.rar
GNCD 015 - Kieu Nga_ Ngoc Lan_ Elvis Phuong - Tinh nho.rar
GNCD 017 - Tuan Vu _ Phuong Mai - Hoi anh hoi em.rar
GNCD 020 - Tuan Vu_ Thanh Tuyen_ Huong Lan - Xin goi nhau la co nhan.rar
GNCD 021 - Rumba - Nua dem ngoai pho.rar
GNCD 022 - Tuan Vu 8 - Neu em ve ben anh - 1990.rar
GNCD 023 - Thien Trang - Ngay em hai muoi tuoi.rar
GNCD 024 - Dieu buon dang do.rar
GNCD 025 - Kieu Nga_ Ngoc Lan_ Vu Khanh - Ru ta ngam ngui.rar
GNCD 027 - Tuan Vu_ Giao Linh_ Tuan Anh - Tinh ngoai o.rar
GNCD 028 - Toi di giua hoang hon.rar
GNCD 029 - Tuan Vu 3 - Gap nhau - 1990.rar
GNCD 030 - Vy da do trang.rar
GNCD 036 - Tuan Vu_ Thanh Tuyen_ Phuong Mai - Loi ve dat me.rar
GNCD 037 - Tuan Vu_ Thanh Tuyen_ Son Tuyen - Nho nhau hoai.rar
GNCD 038 - Niem thuong nho.rar
GNCD 043 - Tuan Vu_ Giao Linh_ Huong Lan - Trong tam mat doi.rar
GNCD 045 - Manh tinh thuong.rar
GNCD 048 - Tuan Vu _ Phuong Mai - Hoa su nha nang.rar
GNCD 055 - Tuan Vu _ Giao Linh - Doi mat nguoi xua(1).rar
GNCD 055 - Tuan Vu _ Giao Linh - Doi mat nguoi xua.rar
GNCD 061 - Khi tinh da xa.rar
GNCD 073 - Biet ly.rar
GNCD 078 - Ngu di em.rar
GNCD 085 - Tuan vu_ Giao Linh_ Phuong Mai - thiep hong anh viet ten em(1).rar
GNCD 085 - Tuan vu_ Giao Linh_ Phuong Mai - thiep hong anh viet ten em.rar
GNCD 100 - Da vu Bebop cha cha.rar
GNCD 115 - Giot le dai trang.rar
GNCD 137 - Phuong Hong Que 2 - Chieu cuoi tuann.rar
GNCD 158 - Con me tinh ai.rar
GNCD 170 - Xuan Ca.rar
GNCD 178 - Tuan Vu - The best of song ca.rar
GNCD 180 - The best of Tu quy - Thanh pho mua bay.rar
GNCD 185 - Huong Lan_ Duy Khanh - Bao gio em quen.rar
GNCD 195 - Ngoc Lan_ Don Ho - Tinh ca Pham Duy.rar
GNCD 196 - Tuan Vu - The best of Song ca 2 - 1991.rar
GNCD 198 - Ly chim quyen.rar
GNCD 206 - Linda Trang Dai_ Cong Hung - Magic Boulevard.rar
GNCD 208 - Mua xuan cua me.rar
GNCD 233 - Tuan Vu _ Son Tuyen - Muoi sau trang tron.rar
GNCD055 - track 1 _ 3.rar
GNCD159 - Don Ho_ Candice Phiphi - Fallen for you.rar
GNCD168 - Ngoc Lan_ Tuan Ngoc - Ban tinh cuoi.rar
GNCD222 - Nhat Huy - Tiec nuoi.rar
GNCD227 - Tuan Vu_ Son Tuyen - Tren bon vung chien thuat.rar
GNCD231 - Linh Thao_ Don Ho 3 - Yeu va mo.rar
HACD - Anh Tai New Wave Collection 102.rar
HACD - Diep Khuc Mua Xuan.rar
HACD - Khuc nhac mua noel - Hai Au giang sinh.rar
HACD - Khuc nhac tinh nong - Lambada 2.rar
HACD - Le Hang - Hai Au Thanh Ca 5(1).rar
HACD - Le Hang - Hai Au Thanh Ca 5.rar
HACD - Manh Quynh_ Mong Thi_ Ngoc Han - Hoi am.rar
HACD - Mong Thi 17 - Thuong mot dong song.rar
HACD - Mong Thi 19 - Tinh xua.rar
HACD - Mong Thi 2 - Tinh gan tinh xa.rar
HACD - Mong Thi 3 - Vi dau cau van.rar
HACD - Ngoc Lan_ Kieu Nga_ Tuyet Nhung - Tinh lo tram nam.rar
HACD - Nhac tre xuan.rar
HACD - Vu dieu tinh nong.rar
HACD - Xuan dac biet.rar
HACD - Xuan yeu thuong.rar
HACD - Y Lan_ Thanh Ha - Cat bui tinh xa.rar
HACD _ Tình Nho 12 - De ky niem tinh ta 2.rar
HACD001 - Ngoc Lan_ Thuy Vi_ Kieu Nga - Nhu giot sau roi.rar
HACD003 - Tinh lo tram nam.rar
HACD005 - Ha hong ruc nang.rar
HACD007 - Lien khuc Tinh ca Hai Au - For the one I love.rar
HACD009 - Guitar Trieu Thanh - The Ventures.rar
HACD010 - Nhung tinh khuc muon thuo.rar
HACD012 - Kieu Nga_ Trung Hanh - Lien khuc khi ta ben nhau.rar
HACD014 - Dai hoi nhac tre.rar
HACD016 - Tinh khuc Romance.rar
HACD017 - Y Lan - Tuyet khuc tinh yeu.rar
HACD018 - Thuy Vi - Mot doi yeu anh.rar
HACD020 - De ky niem tinh ta 1.rar
HACD022 - Hai Au FM 22 - Nhac yeu cau.rar
HACD023 - Kenny - Everlasting love songs.rar
HACD024 - Trung Hanh_ Thuy Vi - Ta hay yeu nhau.rar
HACD026 - Tuyet Nhung dac biet - Va em cung yeu anh.rar
HACD028 - Dalena - Cho rieng anh.rar
HACD029 - My Huyen - Dac biet - Ta tinh.rar
HACD030 - Kenny Thai _ Y Nhi - Tuyet pham cho nguoi yeu.rar
HACD031 - Da vu tang pham tinh xuan.rar
HACD034 - Tang pham tinh yeu.rar
HACD035 - Don Ho_ Dalena - Cho nguoi tinh dau yeu.rar
HACD036 - Hanh phuc dau yeu.rar
HACD038 - Everlasting love songs 8.rar
HACD040 - Dalena_ My Huyen - Tang pham tinh yeu 4.rar
HACD042 - Y Lan - The best of.rar
HACD044 - Tinh khuc hoc sinh sinh vien 1 - 1992.rar
HACD046 - Thu Huong - Nhung tinh khuc hoc sinh sinh vien 3.rar
HACD047 - Dalena - The best of.rar
HACD048 - De ky niem tinh ta 3.rar
HACD050 - Trung Hanh - Tinh ca cho em 2.rar
HACD053 - Thanh Tuyen _ My Huyen - May nhip cau tre.rar
HACD055 - Tinh yeu va hanh phuc.rar
HACD056 - Kenny_ Y Nhi_ Don Ho - Love Songs 11.rar
HACD057 - Randy _ My Huyen 1 - Pho dem.rar
HACD059 - Randy_ My Huyen - Vol.2.rar
HACD064 - Kenny Dalena - Love Songs 9.rar
HACD065 - Hop khuc tinh yeu 1 - 1993.rar
HACD067 - Chung Tu Luu - Anh trang tan.rar
HACD071 - Le Hang - Hai au thanh ca dac biet.rar
HACD072 - Le Hang - Trai tim nguc tu.rar
HACD080 - Hop khuc tinh yeu 3 - 1994.rar
HACD081 - Dau chan nguoi tinh.rar
HACD082 - My Huyen - Tinh khuc hoc sinh sinh vien 4.rar
HACD084 - Hop khuc tinh yeu 4 - 1994.rar
HACD092 - Kha Tu dac biet - Tinh ca que huong.rar
HACD105 - Lien khuc Dan ca - Huong Lan_ My Huyen_ Hoai Nam.rar
HACD106 - Lien khuc nhac tre Hai Au 5 - Trung Hanh_ Phuong Thuy_ Mong Thi.rar
HACD108 - Trung Hanh - Tinh ca cho em 3.rar
HACD109 - Simon Wong - Memories of you.rar
HACD110 - Ha Vy 1 - Nhan canh chim chieu.rar
HACD111 - Da vu nhac tre.rar
HACD113 - Tuan Ngoc _ Thanh Ha - Tinh yeu.rar
HACD114 - Ha Vy 2 - Con gai.rar
HACD116 - Lien khuc Nhac tre 6.rar
HACD117 - Forget me not 3.rar
HACD121 - Ma nu da tinh - Just for you 2.rar
HACD126 - Ha Vy - Vol.3 - Cay si.rar
HACD127 - Manh Quynh_ Ha Vy - Huong Ngoc Lan.rar
HACD128 - Ma nu da tinh - Tinh ca que huong.rar
HACD135 - Ha Vy - Dac biet 4 - Co be.rar
HACD143 - Manh Quynh_ Mong Thi - Nho mau hoa tim.rar
HACD150 - Hop khuc tinh yeu 5.rar
HACD151 - Hop khuc tinh yeu 6.rar
HACD153 - Mong Thi 4 - Giac ngu dau noi.rar
HACD155 - Truc Quyen_ Manh Quynh_ Mong Thi - Co Nho.rar
HACD157 - Mong Thi 5 - Pho xa.rar
HACD157 - Mong Thi_ Truc Quyen - Tua canh beo troi.rar
HACD159 - That's why - Simon Wong.rar
HACD164 - Thai Chau _ Mong Thi - Ngay thang hen ho.rar
HACD166 - Mong Thi _ Truc Quyen - Mot lan lo buoc.rar
HACD167 - Thanh Tuyen - Muoi nam tai ngo.rar
HACD168 - Mong Thi 8 - Chieu mua qua song.rar
HACD169 - Trung Hanh_ Mong Thi - Mot thoi de yeu.rar
HACD171 - Giac mo yeu.rar
HACD173 - Mong Thi 9 - Lan dau noi doi.rar
HACD178 - Mong Thi 11 - Nho anh.rar
HACD179 - Simon Wong - Vol.4 - Anh nho em.rar
HACD180 - Mong Thi _ Truc Quyen - Chi toi 2.rar
HACD182 - Mong Thi 12 - Dieu chua dam noi.rar
HACD183 - Mong Thi_ Duy Khanh_ Truc Quyen_ My Huyen - Chuyen tau hoang hon.rar
HACD184 - Mong Thi - Noi buon hoa phuong 2.rar
HACD185 - Mong Thi_ Kha Tu_Truc Quyen - Doan buon dem mua.rar
HACD186 - Mong Thi_ My Huyen_ Truc Quyen - Khong bao gio quen anh.rar
HACD187 - Nhac Tour da vu - Tinh si.rar
HACD193 - Mong Thi 15 - Canh cong rau dang.rar
HACD194 - Manh Quynh_ Mong Thi - Nhat ky hai dua minh(1).rar
HACD194 - Manh Quynh_ Mong Thi - Nhat ky hai dua minh.rar
HACD195 - Hay mang den mua xuan(1).rar
HACD195 - Hay mang den mua xuan.rar
HACD200 - Tinh dam me - Nhac Tour da vu 2.rar
HaiAu024.rar
LHCD - Ngoi ca mua xuan.rar
LVCD 001 - Tinh khuc Ngo Thuy Mien.rar
LVCD 002 - Tinh khuc Vu Thanh An - Bai khong ten.rar
LVCD 003 - Duy Khanh - Tac pham va tieng hat.rar
LVCD 004 - Huong Lan - Con thuong rau dang moc sau he.rar
LVCD 005 - Da vu yeu duong 1 - 1998.rar
LVCD 006 - Vu Khanh - Toi ban duong to.rar
LVCD 007 - Cuon theo chieu gio.rar
LVCD 009 - La thu do thi.rar
LVCD 010 - Huong Lan - Tinh nong chay.rar
LVCD 011 - Xin lam nguoi tinh co don(1).rar
LVCD 011 - Xin lam nguoi tinh co don.rar
LVCD 012 - Da vu yeu duong 2 - 1988.rar
LVCD 013 - Da vu yeu duong 3 - 1988.rar
LVCD 014 - Nhu Mai - Tinh han.rar
LVCD 015 - Phuong Dung - Nua dem ngoai pho - 1999.rar
LVCD 016 - Vu Khanh - Cay dan bo quen.rar
LVCD 017 - Tuan Vu - Nhung tinh khuc yeu cau - - 1989.rar
LVCD 018 - Jo Marcel - Dinh tuyet cao.rar
LVCD 019 - Khanh Ha - Mua thu cho em.rar
LVCD 020 - Buoc tinh hong.rar
LVCD 021 - Khanh Ha _ Kieu Nga - Uoc hen.rar
LVCD 022 - Thanh Tuyen _ Huong Lan - Bong co may.rar
LVCD 024 - Duy Khanh 2 - Mot mai gia tu vu khi - 1991.rar
LVCD 025 - Thanh Tuyen - Rumba.rar
LVCD 026 - Tinh khuc mua xuan.rar
LVCD 027 - Bong nho giao duong.rar
LVCD 028 - Roi mai toi dua em.rar
LVCD 029 - Tinh khuc Tran Thien Thanh.rar
LVCD 030 - Khanh Ly _ Elvis Phuong - Xoa ten nguoi tinh - 1989.rar
LVCD 031 - Kieu Nga - Toc may.rar
LVCD 032 - Khanh Ly _ Le Thu - Nhu canh vac bay - 1988.rar
LVCD 033 - Che Linh - Thoi doi.rar
LVCD 034 - Khanh Ly _ Elvis Phuong - Tinh ho - 1990.rar
LVCD 036 - Le Thu - Bai tinh ca mua dong.rar
LVCD 037 - Khanh Ha - Noi dau diu dang.rar
LVCD 038 - Tuan Vu _ Huong Lan - Ngai ngung.rar
LVCD 039 - Doctor Newwave 9.rar
LVCD 040 - Khuc hat thien than.rar
LVCD 042 - Khanh Ha - Tieng sao thien thai.rar
LVCD 043 - Ngoc Lan_ Huong Lan - Thu sau - 1990.rar
LVCD 044 - Con la nguoi ngoai dao.rar
LVCD 046 - Doc tau guitar Trung Nghia 2.rar
LVCD 047 - Chanson D'amour.rar
LVCD 048 - Carol Kim - Chuyen tinh khong doan ket.rar
LVCD 049 - Huong Lan _ Elvis Phuong - Tren dinh dau thuong.rar
LVCD 050 - Tinh khuc Trinh Cong Son.rar
LVCD 051 - Che Linh _ Thanh Tuyen - Ao cuoi mau hoa ca.rar
LVCD 051 - Huong Lan_ Thanh Phong - Dung noi xa nhau.rar
LVCD 052 - Che Linh _ Tuan Vu - Vung truoc mat.rar
LVCD 054 - Che Linh_ Tuan Vu_ Duy Khanh - Biet kinh ky.rar
LVCD 055 - Che Linh - bolsa chieu hai loi - 1995.rar
LVCD 056 - Thien Trang - Neo duong ky niem.rar
LVCD 057 - Duy Khanh - Hat cho mai sau(1).rar
LVCD 057 - Duy Khanh - Hat cho mai sau.rar
LVCD 058 - Da vu Nhat Truong.rar
LVCD 059 - Kim Anh_ Duy Quang - Ai buon hon ai.rar
LVCD 060 - Tuan Vu 7 - Da vu tinh dau - 1990.rar
LVCD 062 - Cong Thanh_ Lyn - Cong Thanh _ Lyn.rar
LVCD 063 - Tinh khuc Chieu mua.rar
LVCD 064 - Mot thoi de yeu.rar
LVCD 065 - Con tuoi nao cho em - 1990.rar
LVCD 066 - Hat cho ngan sau.rar
LVCD 067 - Tuan Ngoc_ Le Thu - Mot thoang huong xua.rar
LVCD 068 - Thuong ngay thang qua.rar
LVCD 069 - Tu quy tu ca.rar
LVCD 070 - Duy Quang - Thuong tinh ca.rar
LVCD 071 - Duy Khanh _ Thanh Tuyen - Co hang xom.rar
LVCD 072 - Ngam ngui.rar
LVCD 073 - Khanh Ha _ Ngoc Lan - Cho nguoi tinh lo.rar
LVCD 074 - Goi doi.rar
LVCD 075 - Duy Khanh_ Nhat Truong - Chieu tay do.rar
LVCD 076 - Tuan Vu - Nhung doi hoa sim - 1990.rar
LVCD 077 - Tuan Vu_ Kieu Nga_ Nhu Mai - Pho vang em roi.rar
LVCD 078 - Tuan Vu _ Thien Trang - Dem trao ky niem - 1998.rar
LVCD 079 - Lynda_ Ngoc Lan_ Kieu Nga - Lam ba da da vu.rar
LVCD 080 - Anh Chuong_ Kieu Nga - Nhung tinh khuc Tran Thien Thanh.rar
LVCD 081 - Lien khuc giang sinh.rar
LVCD 082 - Y Lan - Hoi nguoi tinh.rar
LVCD 083 - Che Linh - Nguoi nhap cuoc.rar
LVCD 085 - Hoa tau - Lien khuc dam me.rar
LVCD 086 - Che Linh - Hoa su nha nang.rar
LVCD 087 - Kieu Nga - Vet lan tram.rar
LVCD 088 - Ngoc Lan - The best of.rar
LVCD 090 - Che Linh - Ngay mai toi ve(1).rar
LVCD 091 - Che Linh _ Duy Khanh - Nhung vung dat mang ten anh.rar
LVCD 092 - Duy Khanh - Ve dau mai toc nguoi thuong.rar
LVCD 093 - Ai ve song Tuong.rar
LVCD 094 - Ngoc Lan - Du thuong khong noi.rar
LVCD 096 - Thien Trang - Noi buon dem dong.rar
LVCD 097 - Khanh Ly - Tuong rang da quen.rar
LVCD 098 - Che Linh _ Huong Lan - Ao nguoi trinh nu.rar
LVCD 099 - Huong Lan - Tinh yeu nhu bai ca
LVCD 099 - Huong Lan - Tinh yeu nhu bai ca.rar
LVCD 100 - Y Lan_ Kieu Nga - Sai gon em o do.rar
LVCD 101 - Che Linh_ Tuan Vu - Thanh Pho Buon - NRG.rar
LVCD 102 - Huong Lan - Hue xua Hue bay gio.rar
LVCD 103 - Giao Linh - The best of - Chuyen do khong em.rar
LVCD 104 - Che Linh_ Son Tuyen - Tinh ca tren lua.rar
LVCD 105 - Khanh Ly - Uot mi.rar
LVCD 106 - Son Ca - Ngay cuoi em 2.rar
LVCD 107 - Son Ca dac biet - Ngay cuoi em 1.rar
LVCD 108 - Phuong Dung - Do ai.rar
LVCD 109 - Hoa Mi - Tinh ca nong tham.rar
LVCD 110 - Thien Trang - Cho nguoi tinh nho.rar
LVCD 111 - Julie - Bai tho vu quy.rar
LVCD 112 - Huong Lan - Ben nay bien.rar
LVCD 113 - Hoa Mi - Em con nho hay em da quen.rar
LVCD 114 - Tuan ngoc - La do muon chieu - 1992.rar
LVCD 116 - Che Linh _ Giao Linh - Ao em chua mac mot lan.rar
LVCD 117 - Che Linh _ Huong Lan - Dem buon tinh le.rar
LVCD 118 - Che Linh _ Thanh Tuyen - Doan tuyet - 1992.rar
LVCD 119 - Che Linh_ Thanh Tuyen - Noi voi nguoi tinh.rar
LVCD 120 - Che Linh - Nhac yeu cau.rar
LVCD 121 - Tuan Vu - Duong tinh may tram.rar
LVCD 122 - Che Linh - Xuan tha huong xuan lac xu.rar
LVCD 123 - Y Lan - Tuyet pham - Theo anh buoc xuong con dau.rar
LVCD 124 - Duy Khanh 11 - Loi dau nam cho con.rar
LVCD 125 - Che Linh_ Huong Lan_ Thai Chau - Noi lai tinh xua - 1993.rar
LVCD 127 - Khanh Ha - Cho em niem yeu.rar
LVCD 128 - Che Linh _ Huong Lan - Nha anh nha em.rar
LVCD 129 - Rumba Bolero.rar
LVCD 130 - Che Linh - Dem hoang.rar
LVCD 131 - Huong Lan_ Phuong Lam - Long me 2.rar
LVCD 132 - Che Linh - Nhac yeu cau 2.rar
LVCD 134 - Che Linh - Ngay ay minh yeu nhau.rar
LVCD 135 - Che Linh - Tinh yeu cach tro.rar
LVCD 136 - Che Linh _ Giang Thu - Loi lu khach.rar
LVCD 137 - Tuan Ngoc - Nhung tinh khuc yeu cau.rar
LVCD 138 - Khanh Ha - Nhac tien chien 1.rar
LVCD 139 - Tuan Ngoc _ Khanh Ha - Nhac tien chien 2.rar
LVCD 140 - Che Linh _ Phuong Dung - Buon ga nho.rar
LVCD 141 - Duy Khanh _ Huong Lan - Mua tren pho Hue.rar
LVCD 141 - Y Lan _ Khanh Ha - Noi yeu bat tan.rar
LVCD 142 - Son Tuyen - Than phan.rar
LVCD 143 - Tinh khuc Trinh Cong Son 2.rar
LVCD 144 - Hon vong phu - Dan ca ba mien.rar
LVCD 146 - Che Linh - Hoa trinh nu.rar
LVCD 147 - Che Linh the best of 2 - Doi mat nguoi xua.rar
LVCD 148 - Huong Lan - Nhung tinh khuc yeu cau.rar
LVCD 149 - Huong Lan_ Chi Tam - Tinh Ca 1.rar
LVCD 150 - Phuong Lam_ Son Tuyen - Canh thu mua ha.rar
LVCD 151 - Che Linh_ Thanh Tuyen - Ngay xua anh noi.rar
LVCD 153 - Huong Lan_ Nhat Truong - Tinh khuc Song Ngoc.rar
LVCD 154 - Huong Lan - Con thuong goc bep trai he - 1994.rar
LVCD 155 - Tuan Vu - Giang sinh.rar
LVCD 156 - Che Linh - Dem tren vung dat la.rar
LVCD 157 - Xuan di le chua - 1994.rar
LVCD 158 - Em ve keo mua.rar
LVCD 159 - Quang Binh_ Trang Thanh Lan - Em di tren co non.rar
LVCD 160 - Tinh khuc Pham Duy - Hai loi mong.rar
LVCD 161 - Giao Linh - No va toi.rar
LVCD 162 - Duy Khanh - Nhung ngay xua than ai.rar
LVCD 163 - Thanh Tuyen 8 - Tinh khuc Tran Thien Thanh.rar
LVCD 164 - Huong Lan_ Chi Tam - Tan co giao duyen.rar
LVCD 165 - Huong Lan_ Thanh Phong - Dung noi xa nhau.rar
LVCD 166 - Che Linh_ Giang Thu_ Huong Lan - Thu tinh em gai.rar
LVCD 167 - Dang xua.rar
LVCD 168 - Thanh Tuyen_ Phuong Dung - Rung la thay chua.rar
LVCD 169 - Tuan Vu _ Huong Lan - Nguoi tinh.rar
LVCD 170 - Khanh Ly _ Huong Lan - Ai tro ve xu Viet - 1990.rar
LVCD 171 - Loc dinh ky.rar
LVCD 172 - Huong Lan - Hue xua Hue bay gio.rar
LVCD 172 - Thai Binh cong chua.rar
LVCD 173 - Tieu long nu.rar
LVCD 174 - Che Linh_ Phuong Lam - Doi dien.rar
LVCD 177 - Phuong Mai - Ly cai mon.rar
LVCD 178 - Huong Lan_ Dung Thanh Lam - Ai cho toi tinh yeu.rar
LVCD 180 - Nhat Truong - Toi va di vang.rar
LVCD 181 - Thanh Lan - Sao van con mua.rar
LVCD 182 - Huong Lan_ Phuong Lam - Ngau hung ly qua cau.rar
LVCD 184 - Trinh Vinh Trinh - Hay ngoi xuong day.rar
LVCD 185 - Thanh Lan - Loi to tinh.rar
LVCD 188 - Mua xuan hoa dao.rar
LVCD 189 - Nguyen uoc dau xuan.rar
LVCD 190 - Che Linh - San khau va cuoc doi.rar
LVCD 191 - Huong Lan - Em bo dong song.rar
LVCD 192 - Quang Binh_ Trang Thanh Lan - Con sao sau.rar
LVCD 193 - Phuong Lam - Nen huong yeu.rar
LVCD 194 - Che Linh _ Huong Lan - Gian hon.rar
LVCD 195 - Che Linh - Hat cho nhung ba m_ Viet Nam.rar
LVCD 196 - Sa mac tinh yeu.rar
LVCD 197 - Nhac tien chien 3.rar
LVCD 197B - Henry Chuc_ Lynda Trang Dai - Sacrifice.rar
LVCD 198 - Nhac tien chien 4.rar
LVCD 199 - Thanh Tuyen - Tu nua vong trai dat.rar
LVCD 200 - Thanh Tuyen - Da lat hoang hon.rar
LVCD 201 - Thanh Tuyen - Chuyen ba nguoi.rar
LVCD 202 - Thanh Tuyen - Em con nho mua xua.rar
LVCD 203 - Che Linh _ Thanh Tuyen - Sao em lo voi lay chong.rar
LVCD 205 - Phuong Dung - Kiep cam ca.rar
LVCD 206 - Thanh Ha _ Y Linh - Quynh Huong.rar
LVCD 207 - Huong Lan - Chieu dong que.rar
LVCD 208 - Che Linh - Tinh yeu trong mat mot nguoi.rar
LVCD 212 - Phuong Mai - Tinh khuc Dai Loan.rar
LVCD 213 - Doc tau dan ca ba mien - tranh sao bau.rar
LVCD 214 - Quang Binh_ Trang thanh Lan - Mai me gac cu.rar
LVCD 215 - Thai Chau_ Y Linh - Luc xa nhau.rar
LVCD 216 - Phuong Lam_ Phi Nhung - Tha trang tha den.rar
LVCD 218 - Huong Lan _ Thai Chau - Ve lai doi sim.rar
LVCD 219 - Mortal Combat.rar
LVCD 220 - Lien khuc dan ca.rar
LVCD 222 - Che Linh - Em ben doi ngan ngo - 1996.rar
LVCD 223 - Da trot co don.rar
LVCD 225 - Nguyen Hung - Tron kiep don coi.rar
LVCD 227 - Trizzi Phuong Trinh_ Trung Hanh_ Da Nhat Yen - Golden Eyes.rar
LVCD 228 - Den day thi o lai day.rar
LVCD 230 - Da vang tren xu trang.rar
LVCD 231 - Phuong Dung - Con mai nhung khuc tinh ca.rar
LVCD 232 - Tinh ca tan co 5.rar
LVCD 233 - Nhat Dang Huy - Tinh khuc Nhat Dang Huy.rar
LVCD 234 - Da Nhat Yen - Dem nay ai dua em ve.rar
LVCD 236 - My Huyen - Nhac thu Ho - Buc tranh que.rar
LVCD 237 - Don Xuan.rar
LVCD 238 - Rong choi dem giao thua.rar
LVCD 240 - Vu Khanh_ Y Lan - Hong lai tinh dau.rar
LVCD 245 - Da Nhat Yen - Uot mi.rar
LVCD 246 - Thanh tuyen - dau xot ly chim quyen.rar
LVCD 247 - Da Nhat Yen - Right in the night.rar
LVCD 250 - Huong Lan_ Vu Linh - Lo mai doi chia cach.rar
LVCD 251 - Hai Phong - Nhu giac chiem bao.rar
LVCD 254 - Da Nhat Yen - Tinh em trao anh.rar
LVCD 255 - Chieu Xuan.rar
LVCD 257 - Che Linh - Giong ca di vang 2.rar
LVCD 260 - Nhat Dang Huy_ LaSuongSuong - Tinh xa khuat.rar
LVCD 261 - Yen Khoa 2 - Cau chuyen dau nam.rar
LVCD 264 - Tuan Vu_ Yen Khoa - Mua tren canh hong.rar
LVCD 268 - Da Nhat Yen - The Rain.rar
LVCD 274 - Van Khanh - Song ve dau.rar
LVCD 283 - Che Linh - The best of 2001.rar
LVCD 287 - Gui sau ve dau.rar
LVCD 293 - Yen Khoa - Loi to tinh de thuong.rar
LVCD 295 - Sy Phu - Ca khuc mot thoi vang bong.rar
LVCD 296 - Thanh Tuyen - 36 nam tieng hat gui nguoi(1).rar
LVCD 296 - Thanh Tuyen - 36 nam tieng hat gui nguoi.rar
LVCD 306 - Tuan Duc - Boi bac.rar
LVCD 307 - Da Nhat Yen_ Xuan Phu - Em cu di.rar
LVCD 308 - Net ca tru ngay xuan.rar
LVCD 309 - Hoa tim mua xuan.rar
LVCD 313 - Mai van con xuan.rar
LVCD 314 - Ngay xuan vui cuoi.rar
LVCD 316 - Tinh dai kho.rar
LVCD 326 - Ngoc Huyen - Mot thoang duyen que.rar
LVCD 327 - Merry Christmas - CD1.rar
LVCD 327 - Merry Christmas - CD2.rar
LVCD 327 - Merry Christmas - CD3.rar
LVCD 328 - Tinh khuc tien chien bat tu 1_ 2 - CD1.rar
LVCD 328 - Tinh khuc tien chien bat tu 1_ 2 - CD2.rar
LVCD 328 - Tinh khuc tien chien bat tu 1_ 2 - CD3.rar
LVCD 328 - Tinh khuc tien chien bat tu 1_ 2 - CD4.rar
LVCD 331 - Duy Khanh - Xin anh giu tron tinh que - CD1.rar
LVCD 331 - Duy Khanh - Xin anh giu tron tinh que - CD2.rar
LVCD 331 - Duy Khanh - Xin anh giu tron tinh que - CD3.rar
LVCD 331 - Duy Khanh - Xin anh giu tron tinh que - CD4.rar
LVCD 337 - Tinh khuc Tran Thien Thanh - CD1.rar
LVCD 337 - Tinh khuc Tran Thien Thanh - CD2.rar
LVCD 337 - Tinh khuc Tran Thien Thanh - CD3.rar
LVCD 337 - Tinh khuc Tran Thien Thanh - CD4.rar
LVCD 339 - Xuan - CD1.rar
LVCD 339 - Xuan - CD2.rar
LVCD 339 - Xuan - CD3.rar
LVCD 343 - Xuan Mai 1 - Con co be be.rar
LVCD 344 - Xuan Mai 2 - Con co be be.rar
LVCD 345 - Xuan Mai 3 - Con co be be.rar
LVCD 346 - Xuan Mai 4 - Con co be be.rar
LVCD 347 - Xuan Mai 5 - Con co be be.rar
LVCD 348 - Xuan Mai 6 - Con co be be.rar
LVCD 349 - Xuan Mai 7 - Con co be be.rar
LVCD 350 - Tieng hat Sy Phu _ Le Thu.rar
LVCD 352 - Che Linh - Hat cho nguoi tinh phu - CD1.rar
LVCD 352 - Che Linh - Hat cho nguoi tinh phu - CD3.rar
LVCD 352 - Che Linh - Hat cho nguoi tinh phu - CD4.rar
LVCD 352 - Che Linh - hat cho nguoi tinh phu - CD2.rar
LVCD 356 - Duy Manh - Vol.2 - Loi sam hoi.rar
LVCD 357 - Don xuan trong tinh yeu.rar
LVCD 358 - Khuc tinh xuan.rar
LVCD 359 - Cam Ly - Vol.9 - Ang May buon.rar
LVCD 364 - Quoc Dai - Gia tu.rar
LVCD 373 - Tinh khuc Pham Duy - Con duong tinh ta di.rar
LVCD 374 - Cam Ly - Vol.11 - Doi cho nhung mua dong.rar
LVCD 386 - Cam Ly _ Quoc Dai - Mat nhau roi_ nho nguoi yeu.rar
LVCD 395 - Lynda Platiumm.rar
LVCD002 - Tinh khuc Vu Thanh An.rar
LVCD008 - Kieu nga_ Duy Quang - Nguoi em van khoa.rar
LVCD035 - Linda Trang Dai - Fashion Girl.rar
LVCD045 - Doc tau guitar Trung Nghia 1.rar
LVCD095 - Nho nguoi yeu.rar
LVCD186 - Hoa tau - Niem vui giang sinh.rar
LVCD209 - Mua bui.rar
LVCD217 - Loi chao yeu thuong.rar
LVCD224 - Nguoi yeu nho xinh.rar
LVCD239 - Mua giang sinh xua.rar
LVCD253 - Yen Khoa 1 - Toc gio thoi bay.rar
LVCD258 - Yen Khoa 3 - Sao long con thuong.rar
LVCD259 - Yen Khoa 4 - Chim sao ngay xua.rar
LVCD265 - Yen Khoa - Tinh khuc Bac son - Sa mua giong.rar
LVCD278 - Yen Khoa 8 - Le loi.rar
LVCD281 - Thu Phuong_ Huy MC - Mua thu khep lai.rar
LVCD292 - Yen Khoa 12 - Canh cong rau dang.rar
LVCD294 - Yen Khoa 14 - Xa tim ha mua.rar
LVCD310 - Thang tam mua may - THIEU TRACK 9.rar
LVCD341 - Giao Linh - Chuyen do vi tuyen - 4CD.rar
LVCD363 - Cam Ly - Em se quen_ dem co mua roi.rar
LVCD370 - Hanh phuc dau xuan.rar
MNK Dac biet 9 - Dang do - Nhac tien chien.rar
MNK _ Hoa Phuong CD - Ngoc Huyen - Tan co giao duyen.rar
MNK dac biet 1 - Dieu vu nong chay Lambamor.rar
MNKCD - Lien khuc Dua em vao thu.rar
MNKCD - Lien khuc dac biet Pretty Woman - 1991.rar
MNKCD - Ngoc Son - Tieng hat de doi - Noi buon hoa phuong.rar
MNKCD Gold - Mai Huong_ Quynh Dao - Nhac tien chien 4 - Tinh khuc Van Cao.rar
MNKCD001 - Ru con tinh cu.rar
MNKCD005 - Cuon theo giong doi.rar
MNKCD008 - Tinh yeu dam say - The gioi nhac tre 2 - THIEU TRACK 6.rar
MNKCD015 - Trai tim con trinh - The gioi nhac tre 4.rar
MNKCD018 - Da vu Twist.rar
MNKCD019 - The gioi nhac tre 6.rar
MNKCD020 - Luu Hong - Tinh hong trao anh.rar
MNKCD028 - Tuan Vu_ Nhat Thien Lan - Em van con thuong.rar
MNKCD029 - Nho nguoi yeu.rar
MNKCD033 - Giang sinh.rar
MNKCD034 - Xuan hop mat.rar
MNKCD038 - Truong Hai_ Nhat Thien Lan - Mua rung.rar
MNKCD039 - Mot chut qua cho que huong(1).rar
MNKCD039 - Mot chut qua cho que huong.rar
MNKCD040 - Cao Lam - 7 - Toi Et Moi.rar
MNKCD041 - Thanh Lan - The best of - Nhac phap tru tinh 1.rar
MNKCD044 - Quang Binh_ Trang Thanh Lan - Da vu vu quy 3 - Tan hon vu quy _ sinh nhat.rar
MNKCD045 - Ly co tay - Teu Cali.rar
MNKCD046 - European top hit dance - The magic.rar
MNKCD049 - Thanh Lan - Nhap phap tru tinh 2.rar
MNKCD050 - Thanh Lan - Nhac Phap tru tinh 3.rar
MNKCD051 - Tuan Vu _ Mai Ngoc Khanh - Tinh anh linh chien.rar
MNKCD052 - Duyen kiep.rar
MNKCD053 - Tuan Vu - Thuo ay co em.rar
MNKCD055 - Tinh khuc me - Me hien yeu dau(1).rar
MNKCD055 - Tinh khuc me - Me hien yeu dau.rar
MNKCD057 - Ngay xua anh noi - Tuyet pham Rumba.rar
MNKCD060 - Kim Anh - buom trang(1).rar
MNKCD060 - Kim Anh - buom trang.rar
MNKCD061 - Vuong cung thanh duong.rar
MNKCD068 - Da vu vu quy 4 - Mung tan hon.rar
MNKCD072 - Phat dan sanh - Phat ca(1).rar
MNKCD072 - Phat dan sanh - Phat ca.rar
MNKCD073 - Hung ca nha Viet Nam.rar
MNKCD078 - Hoai Nam - Tinh hoai huong.rar
MNKCD080 - Vu lan nho me - Dao ca 2(1).rar
MNKCD080 - Vu lan nho me - Dao ca 2.rar
MNKCD082 - Mai Ngoc Khanh 2 - Khieu vu tango - Mong Lanh.rar
MNKCD084 - Randy_ Nhat Quang - Tinh khuc linh - Tinh ban Quang Trung.rar
MNKCD089 - Hung Cuong - 60 nam cuoc doi.rar
MNKCD091 - Da vu nhac tre - Vu quy 8.rar
MNKCD092 - Hung Cuong _ Mai Le Huyen - Dat nhau vao mong.rar
MNKCD100 - Mai Ngoc Khanh 3 - Diem xua.rar
Mimosa - Hung Cuong_ Mai Le Huyen - Ai yeu em hon anh.rar
Mimosa - Thanh Tuyen Rumba.rar
Mimosa - Tuan Vu _ Son Tuyen - Dua em qua canh dong vang.rar
Mimosa 001 - Thanh ca 2 - Dang len me.rar
Mimosa 003 - Kieu Nga - Tinh khuc Carpenters.rar
Mimosa 004 - Thanh Tuyen - Phan gai thuyen quyen.rar
Mimosa 005 - Xuan nay neu vang anh(1).rar
Mimosa 005 - Xuan nay neu vang anh.rar
Mimosa 005 - Xuan nho me.rar
Mimosa 006 - Canh buom vuon xuan.rar
Mimosa 007 - Vu Khanh - Mai toc da huong.rar
Mimosa 009 - Julie - Vao thu nua doi.rar
Mimosa 010 - Tango tinh.rar
Mimosa 014 - Tinh nhu bong may.rar
Mimosa 015 - Vet chan hoang.rar
Mimosa 016 - The gioi nhac tre 2.rar
Mimosa 018 - Anh tien tuyen em hau phuong.rar
Mimosa 019 - Da vu muon mau (1992).rar
Mimosa 020 - Ngay ay ben nhau.rar
Mimosa 021 - Thai Chau - Thuong nho mot minh.rar
Mimosa 022 - Thanh Tuyen - Vong tay cho doi.rar
Mimosa 023 - Hoa Mi - Tinh khuc Hoang Thi tho.rar
Mimosa 024 - Y Lan_ Hoa Mi - Pho chieu.rar
Mimosa 025 - Thai Chau - Con mot chut gi de nho.rar
Mimosa 026 - Khanh Ha _ Tuan Ngoc - Tinh khuc Vu Thanh An_ Ngo Thuy Mien.rar
Mimosa 027 - Hung Cuong_ Mai Le Huyen - Linh ma em.rar
Mimosa 028 - Tuan Vu - Mong uoc ngay xanh.rar
Mimosa 029 - Tuan Vu - Hoa nang chieu xua - 1992.rar
Mimosa 033 - Lynda in Hong Kong 2.rar
Mimosa 034 - Bao Yen - Mua chieu ky niem.rar
Mimosa 037 - Thanh Lan - Di le chua huong.rar
Mimosa 038 - Dai hoi New wave Nonstop.rar
Mimosa 040 - Khanh Ha_ Y Lan - Nguoi tinh nguoi dep xinh xinh.rar
Mimosa 041 - Oh_ Wont You Tell Me.rar
Mimosa 043 - Nhat Truong_ Thanh Lan - Tuong chung trong mo.rar
Mimosa 046 - Thanh Lan - Comme Toi.rar
Mimosa 049 - Hoa thuong nho ai.rar
Mimosa 052 - Tinh khuc Trinh Cong Son - Lang le noi nay.rar
Mimosa 059 - Muc tim.rar
Mimosa 063 - Chieu tien dua - THIEU TRACK 4.rar
Mimosa 064 - Tieng hat doi tim.rar
Mimosa 068 - Ganh tuong tu.rar
Mimosa 070 - La Suong Suong_ Minh Thuan - Co nhau trong doi.rar
Mimosa 073 - Ao anh nam nut cham rong.rar
Mimosa 074 - Tinh khuc Van Cao.rar
Mimosa 093 - Thuy Trang - Huong toc ma non.rar
Mimosa 106 - Yen Khoa - Khoc tham.rar
Mimosa 112 - Mua Sai gon.rar
Mimosa 117 - Yen Khoa - Neu doi khong co anh.rar
Mimosa 134 - Yen Khoa - Con me tinh ai.rar
Mimosa 137 - Y Moan - Rock Ede.rar
Mimosa 144 - 4 giong ca vang.rar
Mimosa CD002 - Hong an thien chua.rar
Mimosa CD008 - Duc Huy - Duong xa uot mua.rar
Mimosa CD012 - Che Linh_ Thien trang_ Son tuyen - Co lai do ben ha.rar
Mimosa CD031 - Quan gam dau lang.rar
Mimosa CD032 - Rumba Chacha.rar
Mimosa CD036 - Nua dem khan hua.rar
Mimosa05-XuanNhoMe.rar
NDBD - LHCD - Ngoi ca mua xuan.rar
NDBD - LHCD - Vu Khanh - Toi voi troi bo vo.rar
NDBD - LHCD001 - Tinh khuc Ngo Thuy Mien_ Vu Thanh An.rar
NDBD - LHCD002 - Nhung tam hon hoang lanh - Kieu Nga_ Ngoc Lan_ Elvis Phuong_ Tuan Anh.rar
NDBD - LHCD003 - Nhac tre.rar
NDBD - LHCD005 - Khieu vu Bebop Rumba chacha.rar
NDBD - LHCD008 - Kieu Nga - Tango tuyet voi.rar
NDBD - LHCD009 - Khieu vu tuyet voi.rar
NDBD - LHCD014 - Nhac phap tru tinh 2(1).rar
NDBD - LHCD016 - Da vu nhac tre Lambada - 1991.rar
NDBD - LHCD017 - Lien khuc tinh dau.rar
NDBD - LHCD018 - Lien khuc Rumba - Chacha.rar
NDBD - LHCD019 - Kieu Nga - Vu khuc yeu thuong.rar
NDBD - LHCD020 - Lien khuc mua xuan.rar
NDBD - LHCD021 - Lien khuc yeu thuong 2.rar
NDBD - LHCD022 - Lien khuc Khieu Vu 1.rar
NDBD - LHCD023 - Lien khuc khieu vu 2.rar
NDBD - LHCD024 - Lien khuc khong ten.rar
NDBD - LHCD025 - Lien khuc Cat bui.rar
NDBD - LHCD026 - Lien khuc yeu thuong 3.rar
NDBD - LHCD027 - Huong Lan_ Ngoc Bich_ Kieu Nga - Lien khuc Nguoi em xom dao.rar
NDBD - LHCD029 - Le Uyen - Cho.rar
NDBD - LHCD030 - Huong Lan - Tinh ca yeu em.rar
NDBD - LHCD031 - Ngua hoang.rar
NDBD - LHCD034 - Yeu mot nguoi.rar
NDBD - LHCD035 - Tuan Vu_ Huong Lan_ Ngoc Dan Thanh - Cuoc tinh xua.rar
NDBD - LHCD036 - Thai Chau_ Dalena - Nguoi yeu co don.rar
NDBD - LHCD038 - Tuan Vu _ Kieu Nga - Phuong buon.rar
NDBD - Manh Quynh 69 - Hoa trinh nu.rar
NDBD - Phi Nhung_ Quang Loc - Chuyen dem mua.rar
NDBD - TCHN001 - Y Lan_ Thai Chau - Nha anh nha em.rar
NDBD - TCHN002 - Da vu nhac tre 1 - Oh Mon Amour.rar
NDBD - TCHN004 - Ngoc Lan_ Khanh Ha - Tinh ca.rar
NDBD - TCHN005 - Che Linh - Hat cho nguoi tinh phu 2.rar
NDBD - TCHN006 - Da vu nhac tre 2 - God father.rar
NDBD - TCHN007 - Ngoc Lan_ Thai Chau - Tinh buon.rar
NDBD - TCHN008 - Tuan Vu_ Huong Lan - Loi tinh buon.rar
NDBD - TCHN009 - Tuan Vu_ Son Tuyen - Do chieu.rar
NDBD - TCHN011 - Tuan Vu _ Ngoc Lan - Chuyen tinh khong suy tu.rar
NDBD - TCHN019 - Tinh ca tien chien.rar
NDBD - TCHN020 - Tuan Vu - The Best.rar
NDBD - TCHN023 - Che Linh - Hat cho nguoi tinh phu 3.rar
NDBD CD - Angel Dance 5.rar
NDBD CD - Bau tranh sao - Nhac hoa tau em diu.rar
NDBD CD - Da vu tan hon 1.rar
NDBD CD - Dai hoi New Wave He cali ky 4.rar
NDBD CD - Dai hoi New Wave he cali ky 3.rar
NDBD CD - Giang Sinh muon doi.rar
NDBD CD - Hoa tau khieu vu 6.rar
NDBD CD - Huong ca vo tan.rar
NDBD CD - Huy Tam 5 - Xa em ky niem.rar
NDBD CD - Huy Tam_ Ngoc Lan - Yeu lam.rar
NDBD CD - Huyen Chau 2 - Noi long nguoi di.rar
NDBD CD - Le Thu - Loi buon thanh.rar
NDBD CD - Manh Quynh - Dac biet 5 - Tro ve cat bui.rar
NDBD CD - Manh Quynh - Mat dang tinh yeu.rar
NDBD CD - Manh Quynh 17 - 10 tinh ca linh.rar
NDBD CD - Manh Quynh 18 - Tinh khuc hoc tro 2.rar
NDBD CD - Manh Quynh 20 - Ru em.rar
NDBD CD - Manh Quynh 22 - Toi van nho.rar
NDBD CD - Manh Quynh 23 - Ha buon.rar
NDBD CD - Manh Quynh 25 - Dam me.rar
NDBD CD - Manh Quynh 37 - Nhung doi hoa sim.rar
NDBD CD - Manh Quynh 41 - Nhan co cho em.rar
NDBD CD - Manh Quynh 53 - Tinh say.rar
NDBD CD - Manh Quynh 57 - Nhan co cho em 3.rar
NDBD CD - Manh Quynh 7 - Dem hoang.rar
NDBD CD - Manh Quynh 8 - Song que.rar
NDBD CD - Manh Quynh _ Kha Tu - Chuyen tinh co.rar
NDBD CD - Manh Quynh dac biet 10 - Nguoi tinh va que huong.rar
NDBD CD - Manh Quynh dac biet 3 - Tinh ca Xuan.rar
NDBD CD - Manh Quynh_ Kha Tu 26 - Ky niem buon.rar
NDBD CD - Manh Quynh_ Mong Ngoc - Vo cai trong com.rar
NDBD CD - Manh Quynh_ Mong Ngoc 1 - Tinh tuoi o mai.rar
NDBD CD - Ngoc Lan - The best of.rar
NDBD CD - Pho vang em roi.rar
NDBD CD - Son Tuyen 6 - Nguoi yeu co don.rar
NDBD CD - Thanh Ca 1 - Xin chua giu gin con.rar
NDBD CD - Tra lai em.rar
NDBD CD - Tuan Vu - Tuan Vu of the year.rar
NDBD CD - Xuan Dac Biet.rar
NDBD CD008 - Huyen Chau 3 - Anh ra di mua thu.rar
NDBD CD009 - Da vu trong mat em.rar
NDBD CD010 - Gui ve anh.rar
NDBD CD011 - Hoa tau khieu vu 1 - 1996.rar
NDBD CD012 - Dai hoi New Wave He Cali.rar
NDBD CD013 - Tuan Vu_ Nhat Linh_ Nhu Mai_ Son Tuyen - Dem ve tuong nho.rar
NDBD CD014 - Kieu Nga - Dac biet.rar
NDBD CD015 - Tuan Vu_ Huong Lan_ Giao Linh - Mo hoa.rar
NDBD CD017 - Da vu xuan - 1991(1).rar
NDBD CD017 - Da vu xuan - 1991.rar
NDBD CD019 - Dai hoi New wave he Cali ky 2.rar
NDBD CD020 - Hoa tau khieu vu 2 - 1996.rar
NDBD CD021 - Da vu tinh hong.rar
NDBD CD022 - Da vu tinh he.rar
NDBD CD023 - Thanh Ca 2 - Xin tri an.rar
NDBD CD024 - Tuan Vu - Giot le dai trang.rar
NDBD CD025 - Hoa tau khieu vu 4.rar
NDBD CD027 - Vu Khanh_ Ngoc Lan_ Le Hang - Muoi nam yeu em.rar
NDBD CD028 - Giang sinh ky niem.rar
NDBD CD028 - Manh Quynh - Kha Tu - Bot mua.rar
NDBD CD030 - Da vu tinh he 2.rar
NDBD CD031 - Nhu Mai - Nhu giot suong khuya.rar
NDBD CD033 - Khieu vu Rumba Chacha Tango.rar
NDBD CD033 - Manh Quynh _ Kha Tu - Mong uoc doi ta.rar
NDBD CD034 - Tinh ca Tung Giang.rar
NDBD CD035 - Nguoi co don.rar
NDBD CD036 - Thanh Ca 3 - Doan khuc tri an.rar
NDBD CD037 - Que huong va tinh nguoi.rar
NDBD CD040 - Tuan Vu _ Nhu Mai - Nguoi quen ke nho.rar
NDBD CD041 - Da vu tan hon 2.rar
NDBD CD042 - Tuoi nao cho em.rar
NDBD CD043 - Manh Quynh - Tuy Ca.rar
NDBD CD044 - Tuan Vu - Nhac yeu cau 1 - 1990.rar
NDBD CD045 - Pho vang em roi.rar
NDBD CD047 - Tuan Vu_ Nhu Mai - 10 tinh khuc song ca.rar
NDBD CD048 - Tuan Vu - Nhac yeu cau 2 - 1991.rar
NDBD CD051 - Lien khuc Bebop Chacha.rar
NDBD CD052 - Lien khuc Tinh ho.rar
NDBD CD053 - Lien khuc nhac tre 1.rar
NDBD CD054 - Lien khuc nhac tre 2.rar
NDBD CD055 - Lien khuc New Wave 1.rar
NDBD CD056 - Lien khuc New Wave 2.rar
NDBD CD057-TinhkhucTrinhCongSon.rar
NDBD CD058 - Tinh khuc Ngo Thuy Mien.rar
NDBD CD059 - Tinh khuc Vu Thanh An.rar
NDBD CD060 - Thanh Ca 5 - Me tu bi.rar
NDBD CD061 - Thai Chau - Nhac tinh bat hu.rar
NDBD CD062 - Thai Chau - Nhac tinh bat hu 2.rar
NDBD CD063 - Huong Lan _ Thai Chau - Yeu em vao coi chet.rar
NDBD CD064 - Thai Chau - Nguoi con do ta day.rar
NDBD CD065 - Tuan Vu - Nhac yeu cau 3.rar
NDBD CD066 - Huong Lan - Hat cho que huong.rar
NDBD CD068 - Tuan Vu - Dac biet 4.rar
NDBD CD069 - Cau chuyen 1 buoi chieu.rar
NDBD CD070 - Goi nho tinh xua.rar
NDBD CD072 - Huong Lan - Hat cho tuoi hoc tro.rar
NDBD CD073 - Tren dong song que huong.rar
NDBD CD083 - Dinh tuan - Nguoi da nhu mo.rar
NDBD CD084 - Phuong Hong Que - Que huong va long me.rar
NDBD CD085 - Ngoc Lan_ Huy Tam 1 - Ngon ut trai tim.rar
NDBD CD085 - Ngon ut trai tim.rar
NDBD CD096 - Huong Lan_ Hoang Dung - Chuyen hoa sim.rar
NDBD CD097 - Huy Tam 4 - Tinh khuc Trinh Cong Son.rar
NDBD CD099 - Ngoc Lan_ Huy Tam - Vol.2 - Dien.rar
NDBD CD114 - Manh Quynh - Qua loi nho.rar
NDBD CD118 - Manh Quynh 3 - Tra loi thu em.rar
NDBD CD120 - Manh Quynh 5 - Tuoi hoc tro.rar
NDBD CD123 - Manh Quynh 8 - Xom dem.rar
NDBD CD125 - Manh Quynh 10 - Huong tinh cu.rar
NDBD CD127 - Manh Quynh 12 - Thuong hoai ngan nam.rar
NDBD CD128 - Manh Quynh 13 - Nhung chuyen tinh mua.rar
NDBD CD129 - Manh Quynh 14 - Que huong bat tu 1.rar
NDBD CD131 - Tuyet pham song ca - Huong Lan_ Manh Quynh My Linh.rar
NDBD Gold - Ngoc Lan _ Kieu Nga - Van mai yeu em.rar
NDBD Gold 001 - Ngoc Lan_ Tuan Anh - Troi vao bien mong.rar
NDBD Gold 002 - Ngoc Lan - Suoi nuoc mat.rar
NDBD Gold 003 - Tuan Anh vol 3 - Trong tay nhau.rar
NDBD Gold 004 - Le Thu - Loi buon thanh.rar
NDBD Gold 005 - Ngoc Lan_ Don Ho - Cho em noi day.rar
NDBD Gold 006 - Ngoc Lan_ Don Ho_ Y Lan - Con nho em xin cua ve.rar
NDBD Gold 007 - Dem say.rar
NDBD Gold 008 - Ngoc Lan - The best selection - 1995.rar
NDBD Gold 010 - Tan Co - Co lai do ben Ha.rar
NDBD Gold 016 - Huong Lan - Bai tinh ca cho anh.rar
NDBD Gold 017 - Thanh Tuyen - Ha buon.rar
NDBD Gold 018 - Dona Dona.rar
NDBD Gold 020 - Jingle bell.rar
NDBD Gold 021 - Elvis Phuong - Co hang Cafe.rar
NDBD Gold 024 - 10 tuyet pham song ca que huong.rar
NDBD Gold 025 - Che Linh_ Huong Lan - Loi ve dat me.rar
NDBD Gold 026 - Tuan Vu - Khu pho ngay xua.rar
NDBD Gold 031 - Bach Le_ Phuong Thanh - Duyen Que - Tan co.rar
NDBD Gold 032 - Tu Lan.rar
NDBD Gold ProCD003 - Xuan va tuoi tre.rar
NDBD Gold ProCD005 - Tuan Vu_ Ngoc Lan - Ngan cach.rar
NDBD Gold ProCD006 - Lien khuc cho em.rar
NDBD Gold ProCD007 - Chuyen di chan ly.rar
NDBD Gold ProCD009 - Da vu tinh he 3.rar
NDBD Gold ProCD010 - Tuan Vu_ Thai Chau_ Huong Lan - Hen ho.rar
NDBD Gold ProCD011 - 10 tieng hat hang dau hai ngoai.rar
NDBD Gold ProCD012 - Tuan Vu_ Thai Chau - Mua dong cua anh.rar
NDBD Gold ProCD013 - Toi ban duong to.rar
NDBD Gold ProCD014 - Tro ve ben mo.rar
NDBD Gold ProCD015 - Tuan Vu _ Huong Lan - Khong bao gio quen anh.rar
NDBD Gold ProCD016 - Elvis Phuong_ Thai Chau_ Vu Khanh - Tinh nghe sy.rar
NDBD gold 023 - Khieu vu Rumba 2 - Angel Dance 09.rar
NDBD016 - Kim Anh_ Huy Sinh - Anh ve voi em.rar
NDBDCD028 - Giang sinh ky niem.rar
NĐBDCD027 - Vu Khanh_ Ngoc Lan - Muoi Nam Yeu Em.rar
PHCD - Em buon anh thuong.rar
PHCD - Hoai Nam - Chan que.rar
PHCD - Hoai Nam _ Ha Vy - O tro.rar
PHCD - Phi Nhung - Bong dien dien.rar
PHCD - Tinh khuc Do Le.rar
PHCD001 - Tuan Vu - Nguoi mang thuong nho - 1991.rar
PHCD003 - Giao Linh - Tam su voi anh.rar
PHCD004 - Tuan Vu - Diep khuc thuong dau.rar
PHCD005 - Da vu Phuong Hoang.rar
PHCD006 - Mua nua dem.rar
PHCD008 - Tuan Vu - Yeu mot minh.rar
PHCD009 - Kieu Nga - Nhung nu tinh xanh.rar
PHCD011 - Tuan Vu - Tieng hat de doi - 1991.rar
PHCD012 - Chuyen tinh khong suy tu.rar
PHCD014 - Ly ruou mung - 1991.rar
PHCD015 - Tuan Vu_ Huong Lan_ Son Tuyen - Thuong hoai ngan nam.rar
PHCD017 - Ve yeu hoa cuc.rar
PHCD020 - Ai len xu hoa dao.rar
PHCD021 - Tuan Vu 4 - Tinh khong hoi tiec - 1992.rar
PHCD022 - Doi nga chia ly.rar
PHCD028 - Son Tuyen - Dung noi xa nhau.rar
PHCD029 - Tuan Vu - Tuyet pham 1.rar
PHCD031 - Chieu len ban Thuong.rar
PHCD034 - Lien khuc Tango ky niem.rar
PHCD035 - Bai ca giang sinh.rar
PHCD036 - Che Linh - Mai lo minh xa nhau - 1992.rar
PHCD038 - Chuyen ba mua mua - 1992.rar
PHCD041 - Duy Khanh - Hon vong phu.rar
PHCD042 - Ngay xuan tham nhau.rar
PHCD043 - Cuoi duong ky niem - 1993.rar
PHCD044 - Luu Hong - Hoa no ve dem.rar
PHCD046 - Em di choi chua huong.rar
PHCD047 - Chon xua em ve.rar
PHCD048 - Giao Linh - Hai loi mong.rar
PHCD051 - Tuan Vu - Tuyet pham 2 - No.rar
PHCD055 - Thanh Tuyen - Tinh chang y thiep.rar
PHCD056 - Tuan Vu - Tuyet pham 3 - han do ban.rar
PHCD057 - Thien Trang - Bong nho duong chieu.rar
PHCD059 - Son Tuyen - Linh xa nha.rar
PHCD062 - Tuan Vu _ Huong lan - Ngay ay quen nhau - 1995.rar
PHCD063 - Nhat truong _ Son Tuyen - Dem buon tinh le - 1995.rar
PHCD064 - Che Linh _ Phi Nhung - Ta tu trong dem - 1995.rar
PHCD066 - Truong Vu _ Phi Nhung - Nguoi phu keo mo cau.rar
PHCD067 - Hoai Nam_ Huong Lan - Han mac tu.rar
PHCD069 - Che Linh _ Thanh Tuyen - Chieu mua bien gioi.rar
PHCD070 - Truong Vu dac biet - Tro ve cat bui.rar
PHCD071 - Phi Nhung - Mua thu la bay.rar
PHCD073 - Truong Vu - No va toi.rar
PHCD075 - Truong Vu _ Ha Vy - Nguoi em xom dao.rar
PHCD076 - Truong Vu - Viet tu KBC.rar
PHCD077 - Truong Vu - La vang khoc la xanh roi.rar
PHCD079 - Phi Nhung - Dieu buon phuong nam(1).rar
PHCD079 - Phi Nhung - Dieu buon phuong nam.rar
PHCD080 - Truong Vu - Tam su nguoi thuong binh.rar
PHCD081 - Ha Vy - Sao anh no danh quen.rar
PHCD082 - Truong Vu_ Hong Truc - Chi co ban be thoi.rar
PHCD083 - Truong Vu - Ong lai do.rar
PHCD084 - Truong Vu _ Phi Nhung - Tinh anh linh chien.rar
PHCD085 - Truong Vu - Dem buon tinh le.rar
PHCD086 - Truong Vu - Nho nguoi yeu(1).rar
PHCD086 - Truong Vu - Nho nguoi yeu.rar
PHCD087 - Truong Vu - Tinh ca linh 6 - Ngay tro ve.rar
PHCD088 - Truong Vu - Xa nguoi minh yeu.rar
PHCD089 - Truong Vu - Chuyen chung minh.rar
PHCD090 - Truong Vu - Thuong ve mien trung.rar
PHCD092 - Truong Vu_ Thanh Thu - Net buon thoi chien.rar
PHCD094 - Truong Vu - Tam su nguoi hat bai que huong - 2000(1).rar
PHCD094 - Truong Vu - Tam su nguoi hat bai que huong - 2000.rar
PHCD095 - Truong Vu - Tinh ban tinh linh.rar
PHCD097 - Truong Vu_ Quan Kim Thuy - Tinh dai kho.rar
PHCD099 - Truong Vu_ Quan Kim Thuy - Linh nghi gi.rar
PHCD100 - Truong Vu_ Quan Kim Thuy - Khong con nho nguoi yeu.rar
PHCD102 - Truong Vu_ Nhu Quynh - Tuoi hoc tro thoi chinh chien.rar
PHCD104 - Truong Vu_ Quan Kim Thuy - Da ta.rar
PHCD105 - Truong Vu - Nhung bai tinh ca dang do 1.rar
PHCD106 - Truong Vu - Ngoai o buon.rar
PHCD107 - Truong Vu - Nhung bai tinh ca dang do 2(1).rar
PHCD107 - Truong Vu - Nhung bai tinh ca dang do 2.rar
PHCD108 - Truong Vu - Ky Niem Doi Linh_ Ke o mien xa.rar
PHCD109 - Truong Vu - Nhung bai tinh ca dang do 3.rar
PHCD110 - Truong Vu - Suong trang mien que ngoai.rar
Phuong Hoang 14 - Que huong moi goi - tape.rar
TACD - Khanh Ly_ Le Thu_ Kim Anh - Le da - 1991.rar
TACD - Lynda Trang Dai 5 - Mellow Yellow.rar
TACD - Ngoc Lan_ Kieu Nga_ Thai Hien - Got hong.rar
TACD 003 - Nhat ky doi toi.rar
TACD 004 - Canh chim bat gio.rar
TACD 007 - Che Linh _ Thanh Tuyen - duong xua em di.rar
TACD 010 - Endless love.rar
TACD 011 - Nhac khieu vu.rar
TACD 012 - Bang Chau - Gap nhau lam ngo.rar
TACD 013 - Tinh he ruc nang.rar
TACD 014 - NgocLan_ DuyQuang - Tuoi than tien.rar
TACD 015 - Touch me in the morning.rar
TACD 016 - Ecstasy New Wave.rar
TACD 017 - Fantasy New Wave.rar
TACD 018 - Huong Lan_ Bang Chau - Bao gio em quen.rar
TACD 019 - Tinh su Romeo _ Juliette.rar
TACD 020 - Tuan Vu _ Thanh Tuyen - Tinh bo vo.rar
TACD 022 - Baby Blue.rar
TACD 023 - Phuong troi xu la.rar
TACD 024 - Tinh.rar
TACD 026 - Mua dem ngoai o.rar
TACD 027 - Cam on.rar
TACD 029 - Angeliique.rar
TACD 030 - Tu quy.rar
TACD 032 - Ai kho vi ai.rar
TACD 033 - Nang xuan.rar
TACD 034 - Sao chua thay hoi am.rar
TACD 037 - Le bong.rar
TACD 038 - Tam su voi anh.rar
TACD 039 - Thoang giac mo qua.rar
TACD 041 - Da Lat hoang hon.rar
TACD 043 - Hung Cuong_ Mai Le Huyen - Hai trai tim vang.rar
TACD 047 - Mua sau rieng.rar
TACD 048 - Ngo hon qua dem.rar
TACD 050 - Tuan Vu _ Phuong Dung - Vung la me bay.rar
TACD 051 - Linda_ Trizzie_ Don Ho - New Wave Colections.rar
TACD 053 - Tuan Vu_ Phuong Dung_ Thanh Phong - Ngoai o den vang.rar
TACD 054 - Tuan Vu 11 - Rumba tuyet voi - 7ackson.rar
TACD 055 - Bay ngay doi mong.rar
TACD 056 - Lien khuc Tuan Vu 1.rar
TACD 057 - Che Linh_ Giao Linh_ Bang Chau - Khu pho ngay xua.rar
TACD 058 - Kieu Nga_ Elvis Phuong - Nho nguoi tinh xua.rar
TACD 059 - Tuan Vu_ Phuong Dung - Vung la me bay.rar
TACD 061 - Bang Chau - Noi lai tinh xua.rar
TACD 063 - Tiec thuong.rar
TACD 064 - Tuan Vu _ Phuong Mai - Bien man.rar
TACD 065 - Lien khuc Tuan Vu 2.rar
TACD 066 - Tuan vu - Tuan Vu dac biet - 1991.rar
TACD 067 - Tuan Vu _ Phuong Dung - Linh xa nha.rar
TACD 068 - Tuan Vu - Xuan 92 - 1992.rar
TACD 069 - Tuan Vu _ Huong Lan - Neu ai co hoi.rar
TACD 070 - Tuan Vu_ Phuong Mai - Thanh pho sau lung.rar
TACD 072 - Lien khuc Tuan Vu 3.rar
TACD 073 - Tuan Vu _ Lyn - Tuoi hoc tro - 1992.rar
TACD 075 - Tuan Vu - Tinh doi.rar
TACD 077 - Tuan Vu - Xin dung yeu toi - 1992.rar
TACD 079 - Tuan Vu - Tinh dau tinh cuoi.rar
TACD 081 - Huong Lan - Nhac tuyen 2.rar
TACD 082 - Tuan Vu - Nua dem ngoai pho.rar
TACD 083 - Tuan Vu - 10 tinh khuc Song Ngoc - 1994.rar
TACD 084 - Lien khuc Tuan Vu 4.rar
TACD 086 - Tuan Vu _ My Huyen - Chieu Tay Do.rar
TACD 087 - My Huyen_ Phi Nhung_ Huong Lan - Noi buon hoa phuong.rar
TACD 088 - Lien khuc Tuan Vu 5.rar
TACD 090 - Thanh Tuyen - Tuyet pham.rar
TACD 092 - Tuan Vu_ Phi Nhung - Neu anh dung hen.rar
TACD 093 - My Huyen - Hoa tim ngay xua.rar
TACD 094 - Ba thang ta tu.rar
TACD 094 - Nhung dom mat hoa chau.rar
TACD 095 - Tuan Vu _ My Huyen - Loi ve dat me - 1994.rar
TACD 096 - Huong Lan - Ngau hung ly qua cau.rar
TACD 098 - My Huyen - Khong chu de.rar
TACD 099 - Phi Nhung_ My Huyen - Giang cau.rar
TACD 100 - Thai Chau_ Phi Nhung - Mua tren pho Hue.rar
TACD 101 - Tuan Vu_ My Huyen - Nhat ky hai dua minh.rar
TACD 102 - Tuan Vu _ Huong Lan - Duyen que.rar
TACD 105 - Tuan Vu - Qua ngo nha em - 1994.rar
TACD 106 - Bong co may.rar
TACD 107 - Mua xuan cua me - 1994.rar
TACD 108 - Tuan Vu - Toi khong co don.rar
TACD 109 - Nhu la co tich.rar
TACD 114 - Phi Nhung - Doi nga chia ly.rar
TACD 117 - Huong Lan - Vi yeu em.rar
TACD 119 - Che Linh_ Huong Lan - Loi ve xom nho.rar
TACD 120 - Phi Nhung - Nhac tuyen - Goi nho que huong.rar
TACD 122 - Phuong Dung - Hoa no ve dem - 1996.rar
TACD 123 - Giao Linh - Dam me.rar
TACD 126 - Phi Nhung - Noi lai tinh xua.rar
TACD 130 - Huong Lan 97.rar
TACD 131 - Phi Nhung_ Khanh Hoang - Cay dang bo moi.rar
TACD 132 - Che Linh_ Phi Nhung - Doan cuoi tinh yeu.rar
TACD 136 - Phi Nhung - Vuon tao ngo.rar
TACD 138 - Phuong Mai - 7000 dem gop lai.rar
TACD 144 - Lien khuc que huong.rar
TACD003 - Nhat ky doi toi.rar
TACD009 - Noi buon gac tro.rar
TACD021 - Anh la tat ca.rar
TACD025 - Thai Hien_ Thai Thao - Nguoi trong mo.rar
TACD057 - Che Linh_ Giao Linh_ Bang Chau - Khu pho ngay xua.rar
TACD104 - Phi Nhung - Tinh ca que huong.rar
TACD110 - Huong Lan_ Phuong Mai - Chieu que huong.rar
TACD118 - My Huyen - Ao dai que huong.rar
TACD127 - Hoai Nam_ Phi Nhung - Thu cho me.rar
TACD142 - Manh Hung - Lien Khúc 10 nam tai ngo.rar
TLCD001 - Khanh Ly - Bai tango cho em - 1989.rar
TLCD002 - Huong Lan - Cuoi cung cho mot tinh yeu - 1988.rar
TLCD002 - Thanh Lan - Hai sac hoa tigon.rar
TLCD003 - Nu hong mong manh - Mon Ami La Rose.rar
TLCD004 - Huong ca vo tan.rar
TLCD004 - Thanh Lan - Yeu nguoi khon nguoi.rar
TLCD005 - Tinh yeu tuoi tho.rar
TLCD005 - Tu quy 1.rar
TLCD006 - Khanh Ly _ Le Thu - Dem ha hong(1).rar
TLCD006 - Khanh Ly _ Le Thu - Dem ha hong.rar
TLCD007 - Che Linh_ Thanh Tuyen - Ngay do xa roi.rar
TLCD007 - Thanh Lan - Ai len xu hoa dao.rar
TLCD008 - Elvis Phuong_ Huong Lan - Chiec bong ben duong.rar
TLCD009 - Noi buon Chau Pha.rar
TLCD009 - Thanh Lan - Hoa vang may do.rar
TLCD010 - Julie - Sau tuong tu.rar
TLCD011 - Huong Lan _ Duy Quang - Lan va Diep 1.rar
TLCD012 - Huong Lan _ Duy Quang - Lan va Diep 2.rar
TLCD013 - Khanh Ly _ Sy Phu - 1985.rar
TLCD014 - 7000 dem gop lai.rar
TLCD015 - Elvis Phuong - Duyen kiep.rar
TLCD017 - Huong Lan _ Duy Quang - Lan va Diep 3.rar
TLCD019 - Chuyen tinh Mong Thuong.rar
TLCD020 - Tinh ca nhac tre.rar
TLCD021 - Kim Anh _ Duy Quang - Mat le nguoi tinh.rar
TLCD023 - Giao Linh_ Thanh Tuyen_ Thanh Phong - Tam su nang Buram.rar
TLCD025 - Tuan Vu - Gui ve em.rar
TLCD027 - Che Linh_ Huong Lan_ Thanh Tuyen - Sao anh no danh quen.rar
TLCD028 - Huong Lan - Ngan ngo sau.rar
TLCD029 - HuongLan_ ThanhPhong - Dem bo vo.rar
TLCD030 - Bang Chau - Qua con me.rar
TLCD031 - Dai hoi New wave doctor.rar
TLCD031 - Dinh menh.rar
TLCD032 - Khanh Ly - Bai tango cuoi cung(1).rar
TLCD032 - Khanh Ly - Bai tango cuoi cung.rar
TLCD033 - Khieu Vu 1.rar
TLCD035 - Huyen Chau - Mai toc nguoi thuong.rar
TLCD037 - Dem da vu tuyet voi.rar
TLCD039 - Bang Chau - Nho nhau hoai - 1989.rar
TLCD041 - CBC Band - May lang thang.rar
TLCD042 - Lau dai tinh ai - 1990.rar
TLCD043 - Giao Linh - Thuong muon.rar
TLCD044 - Khong bao gio quen anh.rar
TLCD046 - Sao anh vo tinh.rar
TLCD047 - Tinh ca nhac tre.rar
TLCD049 - Khanh Ly - La do muon chieu.rar
TLCD052 - Yeu em bon mua.rar
TLCD053 - Du am mua giang sinh.rar
TLCD053 - Giong ca di vang.rar
TLCD054 - Mua xuan cua me.rar
TLCD055 - Hoa xuan.rar
TLCD056 - Da vu Sai gon - Mambo Chachacha.rar
TLCD057 - Khanh Ly - Cho thanh pho mat ten - 1993.rar
TLCD058 - Tuan Vu _ Phuong Dung - Tien nguoi di.rar
TLCD059 - che Linh - Hon vong phu.rar
TLCD060 - Co tham ve lang.rar
TLCD062 - Thanh Tuyen - Gui nguoi ngan dam.rar
TLCD063 - Lam sao toi biet.rar
TLCD065 - Khuc Luan Vu trong mo.rar
TLCD067 - Co nho chang em.rar
TLCD068 - Nhac hoa tau khieu vu Trung Nghia.rar
TLCD069 - Duc Huy - De tuong nho Sai Gon.rar
TLCD071 - Thanh Tuyen - Chieu Tay do.rar
TLCD071 - Tinh van chua yen.rar
TLCD072 - Tim ca rung chieu.rar
TLCD073 - Khanh Ly - Trong tay anh dem nay.rar
TN012 - Tuyet pham song ca - Loi cuoi cho em.rar
TNCD - Giot nuoc tu bi.rar
TNCD - Ngoc Ha - Ngay xua hoang thi - 320k.rar
TNCD 144 - Thanh ha - Cam on nguoi tinh.rar
TNCD001 - Da vu Paris 1 - Toc may.rar
TNCD002 - Huong Lan - The best of 1991 - Khi da yeu.rar
TNCD003 - Hoa Mi - Em di roi.rar
TNCD004 - Chuyen mot nguoi di - 1989.rar
TNCD006 - Nuoc non ngan dam ra di.rar
TNCD007 - Da vu toc may 2 - 1989.rar
TNCD008 - Ao tim ngay xua.rar
TNCD009 - Em la tat ca(1).rar
TNCD009 - Em la tat ca.rar
TNCD010 - Hoa Mi_ Kieu Nga_ Ngoc Lan - Cho em quen tuoi ngoc.rar
TNCD011 - Nhat Truong _ Thanh Lan - Vinh biet em - 1989.rar
TNCD012 - Tuyet pham song ca - 1990.rar
TNCD013 - Huong Lan - Nu hoa nho - 1989.rar
TNCD014 - Hoa Mi - Tinh sau.rar
TNCD015 - Missing You .rar
TNCD016 - Hoa Mi_ Ngoc Lan_ Huynh Thi - Nay em co nho.rar
TNCD017 - Cong Thanh _ Lyn 2 - Be yeu - 1991.rar
TNCD018 - Hoa Mi - Nghin trung xa cach.rar
TNCD019 - Ai Van _ Elvis Phuong - Bai tango cho em.rar
TNCD020 - Luan vu ngay mua - 1991.rar
TNCD021 - Paris by night 12.rar
TNCD022 - Chuyen xe ba nguoi.rar
TNCD023 - Chi Linh_ Huong Lan - Nguoi xa nguoi.rar
TNCD024 - Don Ho - Xin mai con yeu - 1992.rar
TNCD025 - Huong Lan - Cay dang tinh doi - 1992.rar
TNCD026 - Hoa Mi _ Ai Van - Chi la giac mo qua - 1992.rar
TNCD027 - Dalena - Le da.rar
TNCD028 - Hoa Mi _ Anh Khoa - Em den tham anh dem 30.rar
TNCD029 - Tinh vao thu.rar
TNCD030 - Ai Van - Ngay ay xa nhau - 1992.rar
TNCD031 - Huong Lan _ Thai Chau 2 - Anh yeu em - 1992.rar
TNCD033 - Elvis Phuong _ Dalena - Chut an tinh mong manh - 1992.rar
TNCD034 - Don Ho _ Ngoc Hue - Hanh phuc trong tim - 1992.rar
TNCD035 - Kelvin Khoa - Em di - Nhac hoa tau New Age.rar
TNCD036 - Nhac Tien Chien Va Que Huong.rar
TNCD037 - Ai Van - Nuoi tiec.rar
TNCD038 - Don Ho - Giac mo ngay mai - 1993.rar
TNCD039 - Lien khuc Paris by night.rar
TNCD040 - Anh Khoa _ Danela - Ngay tan hon - 1993.rar
TNCD041 - Ngoc Trong - Dem co don.rar
TNCD042 - Don Ho _ Dalena - Tham kin.rar
TNCD043 - Duy Trac - Con tieng hat gui nguoi.rar
TNCD044 - The Best Of Paris By Night.rar
TNCD045 - Tro choi toi loi - 1993.rar
TNCD046 - Pham Duy 1 - Ngay do chung minh.rar
TNCD047 - Pham Duy 2 - Ky niem.rar
TNCD048 - Tinh khuc Ngo Thuy Mien.rar
TNCD049 - Huong Lan _ Ai Van - Mua Sai Gon mua Ha Noi.rar
TNCD050 - Tinh khuc giang sinh.rar
TNCD051 - Ai Van - Hat mua va noi nho -.rar
TNCD052 - Dalena - Nang thuy tinh.rar
TNCD053 - Quang Binh_ Trang Thanh lan - Nguu Lang Chuc Nu.rar
TNCD054 - Danela_ Ai Van - Yeu anh nhu ngay xua.rar
TNCD054 - Don Ho - Sad Without You - 1994.rar
TNCD055 - Huong Lan _ My Lan - Thanh pho sau lung.rar
TNCD056 - Henry Chuc_ Bao Han - Take Our time.rar
TNCD057 - Tinh khuc Lam Phuong 1 - Em di roi.rar
TNCD058 - Tinh khuc Lam Phuong 2 - Chuyen do vi tuyen.rar
TNCD060 - Lien khuc Paris by night.rar
TNCD061 - Ai Van _ Phi Khanh - Tinh trong di vang.rar
TNCD062 - Dem nhac hoi Paris.rar
TNCD063 - Huong Lan - Tren dong song nho - 1994.rar
TNCD065 - Ai Van - Trang sang vuon che(1).rar
TNCD065 - Ai Van - Trang sang vuon che.rar
TNCD066 - Nguyen Hung - Lang tham.rar
TNCD067 - Henry Chuc - A Man Without Love.rar
TNCD068 - Van Phung 1 - Tieng hat voi cung dan.rar
TNCD069 - Ghe ben sai gon - 1994.rar
TNCD070 - Vinh biet mua he - Don Ho _ Diem Lien.rar
TNCD072 - The Son - tinh thu cua linh.rar
TNCD073 - Tinh khuc Lam Phuong 3 - Mot doi tan vo.rar
TNCD074 - Tinh khuc Lam Phuong 4 - Nhung gi cho em(1).rar
TNCD074 - Tinh khuc Lam Phuong 4 - Nhung gi cho em.rar
TNCD075 - Nguyen Hung _ Dalena - Duyen kiep.rar
TNCD088 - Henry Chuc _ Dalena - When I fall in love.rar
TNCD089 - My Lan - Tinh thien thu.rar
TNCD090 - Don Ho - Dong doi.rar
TNCD092 - Lien khuc Paris by night 4.rar
TNCD093 - Y Lan - Noi nho muon mang.rar
TNCD094 - Ai Van_ Ai Thanh_ Chi Tai - Mot ong hai ba.rar
TNCD095 - Ai Van - Loi ru mua dong.rar
TNCD097 - Nguyen Hung - Ngua Hoang.rar
TNCD098 - Huong Lan _ The Son - Mai lo hai minh xa nhau.rar
TNCD099 - Hai muoi nam tinh cu.rar
TNCD100 - Ru em.rar
TNCD101 - Hoa tau Rumba - Tra lai em.rar
TNCD102 - Remember you remember me.rar
TNCD103 - Nguyen Hung _ Huong Lan - Loi ta tinh cho em.rar
TNCD104 - Hai muoi nam nhin lai.rar
TNCD105 - Ai Van - Thuyen Hoa.rar
TNCD106 - Don Ho - A Don Ho Ho Ho Christmas.rar
TNCD107 - Thanh ha - Le Hoang.rar
TNCD108 - Nhac tinh Duc Huy - Duong xa uot mua.rar
TNCD108 - Nhac tinh Duc Huy 1 - Duong xa uot mua.rar
TNCD109 - Duc Huy 2 - Va con tim da vui tro lai.rar
TNCD110 - Don Ho _ Ngoc Hue - Hai dao co don.rar
TNCD111 - Lien khuc Paris by night 5.rar
TNCD112 - Dalena - Toi voi nguoi da quen.rar
TNCD112 - Danela - Toi voi nguoi da quen.rar
TNCD113 - Nguyen Hung - Say.rar
TNCD114 - Hoang Lan _ The Son - Tim nhau trong ky niem.rar
TNCD115 - Ai Van_ Nguyen Hung - Mot doi yeu anh(1).rar
TNCD115 - Ai Van_ Nguyen Hung - Mot doi yeu anh.rar
TNCD116 - The Son - Nhung chieu khong co em.rar
TNCD117 - Pham Duy 3 - Bai ca sao.rar
TNCD118 - Pham Duy 4 - Tieng dan toi.rar
TNCD119 - Huong Lan _ The Son - Hoa tim ngay xua.rar
TNCD120 - Hanh phuc bat chot.rar
TNCD121 - Lien khuc Paris by night 6.rar
TNCD122 - Thanh Ha - Cho roi nhung bui tinh.rar
TNCD123 - Lien khuc Chachacha - Tinh la soi to.rar
TNCD124 - Huong Lan _ The Son - Nhung khia canh cuoc doi.rar
TNCD125 - Ai Van - To duyen - 1996.rar
TNCD126 - Huong Lan - Hue va em - 1997.rar
TNCD127 - The Son _ My Huyen - Ke yeu tham - 1996.rar
TNCD128 - Hoai Nam - Em cu hen.rar
TNCD129 - Hoang Lan - Qua con me.rar
TNCD130 - Don Ho - Love.rar
TNCD131 - Tinh khuc Ngo Thuy Mien - Rieng mot goc troi.rar
TNCD132 - Huong Lan _ Thai Chau - Huong phai - 1997.rar
TNCD133 - Nguyen Hung - Con lai noi co don.rar
TNCD134 - The Son - Le tinh buon - 1997.rar
TNCD135 - Don Ho _ Dalena - Hoai mong.rar
TNCD136 - Lien khuc Paris by night 7.rar
TNCD137 - Bong chieu xua.rar
TNCD138 - Linda_ Tommy - The One I Want.rar
TNCD139 - Giot nuoc mat cho VN.rar
TNCD140 - Thai Chau _ Ai Van - Tinh - 1997.rar
TNCD141 - Hoang lan - Tu gia tho ngay.rar
TNCD142 - Nhu Quynh _ The Son - Bot bien.rar
TNCD145 - Don Ho _ Thanh Ha - Cuoc tinh lo.rar
TNCD146 - Me - Vol 1.rar
TNCD147 - Me - Vol 2.rar
TNCD148 - The Son_ Hoang Lan 2 - Loai hoa khong ten.rar
TNCD149 - TSon_ H Lan_ MHuyen -Ngay xua anh noi - Lk Rumba Chacha.rar
TNCD150 - Nguyen Hung - Thuy da di roi - 1997.rar
TNCD151 - Hoai Nam - Chuyen tinh buon 100 nam.rar
TNCD152 - Tinh khuc Hoang Thi Tho - Duong xua loi cu.rar
TNCD153 - Tinh khuc HTT2 - Ai buon hon ai.rar
TNCD154 - Luu Bich - Hanh phuc trong tam tay.rar
TNCD155 - My Huyen - Kho vi yeu.rar
TNCD156 - The Son - Nhung tinh khuc chon loc.rar
TNCD157 - Noi buon Chau Pha.rar
TNCD158 - Ngoc Hue - Thu vang tren loi.rar
TNCD159 - Lien khuc Paris by night 8.rar
TNCD160 - Don Ho - Vuc sau hanh phuc - 1998.rar
TNCD161 - Thien Kim - Khi nguoi xa toi.rar
TNCD162 - Hoang Lan - Tinh yeu mau tim.rar
TNCD163 - Nguyen Hung - Huong.rar
TNCD164 - Ai Van - Uoc hen ngay mua.rar
TNCD165 - Don Ho _ Chau Ngoc - Mot thuo yeu nguoi - 1998.rar
TNCD166 - Thanh Ha - Tim van trong ta.rar
TNCD167 - Tinh yeu nhu van bai.rar
TNCD168 - Y Lan_ Thanh Ha_ Thuy Duong - Dem cuoi cung.rar
TNCD169 - Bao Han - Tinh la.rar
TNCD170 - Tinh chang y thiep.rar
TNCD171 - Yeu Lam.rar
TNCD172 - Nhac khieu vu collection 1.rar
TNCD173 - Nhac khieu vu collection 2.rar
TNCD174 - The Son - Tinh va tien.rar
TNCD175 - Lien khuc Ve mien tay.rar
TNCD176 - Ky duyen - Mat anh doi van vui.rar
TNCD177 - Vao ha.rar
TNCD178 - Bao Ngoc - Mot thoi hoa mong.rar
TNCD179 - Thien Kim - Biet lam sao thoi nho.rar
TNCD180 - Don Ho - Hoi tiec.rar
TNCD181 - Nguyen Hung - Chi rieng minh ta - 1998.rar
TNCD182 - Hoang Lan - Khi Da Yeu.rar
TNCD184 - Khieu vu 4.rar
TNCD185 -Bao han - khi co chang.rar
TNCD186 - Hoai Nam - Trong Tam Mat doi.rar
TNCD186 - Tinh khuc Hoang Thi Tho 3 - Hinh anh nguoi em khong doi.rar
TNCD187 - Tinh khuc Hoang Thi Tho 4.rar
TNCD189 - Luu Bich - Dem vang anh.rar
TNCD190 - Tim vo.rar
TNCD191 - My Huyen - Xa nguoi yeu.rar
TNCD192 - Bao Han - Tinh yeu dau tien - 1998.rar
TNCD193 - Top hits 1 - Cafe dang tro lai.rar
TNCD194 - Phi Nhung - Ly con sao Bac Lieu.rar
TNCD195 - Thien Kim - Vi sao.rar
TNCD196 - Nhu Quynh - Tinh yeu vo canh.rar
TNCD197 - Nguyen Hung - Hay cho toi - 1999.rar
TNCD198 - The Son - Chieu hoang.rar
TNCD199 - Chung ta di mang theo que huong - CD1.rar
TNCD200 - Chung ta di mang theo que huong - CD2.rar
TNCD201 - Tieng hat vuot thoi gian - Tren da ty.rar
TNCD202 - Hoang Lan - Hon buom mo tien.rar
TNCD203 - Kiep doc than.rar
TNCD204 - Quoc Hung_ Thien Kim - Con gai doi muoi.rar
TNCD205 - Nam 2000 - Lynda _ Tommy Ngo.rar
TNCD206 - We Like To Party 1.rar
TNCD207 - We Like To Party 2.rar
TNCD209 - Nhu Quynh - Yeu tieng hat ngay xua.rar
TNCD210 - Lay Minh _ Bao Han - Giot suong tren mi mat.rar
TNCD211 - Trai thoi nay - Top hit 2.rar
TNCD212 - Dan bau Duc Thanh - Ngoi tua man thuyen.rar
TNCD213 - Loan Chau - Tinh toi moi lon.rar
TNCD214 - Nguyen Hung - Kho vi yeu nang.rar
TNCD215 - My Huyen - Tan nua vang trang.rar
TNCD216 - Manh Quynh _ Phi Nhung - Can nha mau tim.rar
TNCD217 - Tran Duc - Tinh chap nhan.rar
TNCD218 - The Son _ Thien Kim - Neu dieu do xay ra.rar
TNCD219 - Don Ho - The best of in Japan.rar
TNCD220 - Duong tinh hai loi - Nhac tre top hits 3.rar
TNCD221 - Thien duong la day - Nhac tre tophits.rar
TNCD222 - Ngheo.rar
TNCD223 - tho nhac giao duyen 1.rar
TNCD224 - Tho nhac giao duyen.rar
TNCD225 - Truc Lam _ Truc Linh - Doi van lam than.rar
TNCD226 - Luu Bich - Tra no tinh xa.rar
TNCD227 - Hoang Lan - Tuyet lanh.rar
TNCD228 - Ly bong mai.rar
TNCD229 - Thien Kim - Tinh la gi.rar
TNCD230 - Ngoc Anh - Vua biet dau yeu.rar
TNCD231 - Nguoi yeu co don - - Live in Paris 1.rar
TNCD232 - Live In Paris Vol 2 - Ve day em.rar
TNCD233 - Tuong Nguyen - Mua tren gian bong giay.rar
TNCD234 - Nho nguoi yeu.rar
TNCD235 - Trai tim hoang duong - Top hit 5.rar
TNCD236 - Phi Nhung_ Manh Quynh - Doan cuoi tinh yeu.rar
TNCD237 - Nhu Quynh - Nguoi thuong ke nho.rar
TNCD237 - Thien Kim_ Quoc Hung - Vi sao em oi.rar
TNCD238 - Tiec lam gi - Top hits 6.rar
TNCD239 - Bao Han - Ngo ngang.rar
TNCD240 - Nhac khieu vu collection 5.rar
TNCD242 - Phi Nhung - Canh hoa rung.rar
TNCD243 - Nguyen Hung - Tra het cho nguoi_ ngay hom nay.rar
TNCD244 - Xin dung trach da da.rar
TNCD245 - Ban toi - Top hits 7 - 2001.rar
TNCD246 - Dan bau Duc Thanh - Lang toi.rar
TNCD247 - Hai dua ngheo.rar
TNCD248 - Manh Quynh - So Ngheo - 2001.rar
TNCD249 - Hoang Lan - Nguoi dep Binh Duong.rar
TNCD250 - Thien Kim - Sac mau.rar
TNCD251 - That tinh.rar
TNCD252 - Hai chiec bong co don.rar
TNCD253 - Nguyen Hung _ Luu Bich - Pho van xua.rar
TNCD254 - Ngoc Anh - Khong con ai.rar
TNCD255 - Tuong Nguyen - Huyen thoai Ngu hanh son.rar
TNCD256 - The Son - Chan tinh.rar
TNCD257 - Nhu Quynh dac biet song ca - Khong gio roi.rar
TNCD258 - Top Hits 9 - Dai kho.rar
TNCD259 - Tommy_ Lynda - The best of - He _ She.rar
TNCD260 - Don Ho _ Ngoc Hue - Hoai niem dau yeu - 2002.rar
TNCD261 - Lien khuc Nhan cuoi chong xa.rar
TNCD262 - PDH_ DTP - neu biet toi lay chong.rar
TNCD263 - Manh Quynh_ Phi Nhung - Tan co giao duyen.rar
TNCD264 - Nhu la tinh yeu - Top hits 10.rar
TNCD265 - Nguyen Hung - Trai tim ben le.rar
TNCD266 - Tran Thai Hoa - Co lang gieng.rar
TNCD267 - Thien Kim - Toc gio thoi bay.rar
TNCD268 - Cay da ben cu - CD 2.rar
TNCD268 - Cay da ben cu - CD1.rar
TNCD269 - Men say tinh ai - Top hits 11 - 2002.rar
TNCD270 - Don Ho - Phien da sau.rar
TNCD271 - Chuyen lam dau.rar
TNCD272 - Tinh dau muon mang.rar
TNCD273 - BHan_LTQuang_TQuyen - Khuc mua.rar
TNCD274 - Luu Bich - Anh sang doi toi.rar
TNCD275 - Tinh khuc Tuan Khanh - Mua xuan dau tien.rar
TNCD276 - Tinh khuc Tu Cong Phung - Mat le cho nguoi.rar
TNCD277 - Tinh khuc Vu Thanh An - Xin dung yeu toi.rar
TNCD278 - Thuy Tien - Nho anh.rar
TNCD279 - Top Hits 12 - Yeu.rar
TNCD280 - Top hits 13 - Noi dau nguoi de lai - 2002.rar
TNCD281 - Tam Doan - Nguoi mang tam su - 2002.rar
TNCD282 - TTHoa_NgocHa - Khac khoai buon tan thu.rar
TNCD283 - Chieu ben doi sim.rar
TNCD284 - Mua xuan cua me.rar
TNCD285 - Tk TLN_TT - Chieu qua pha Hau Giang.rar
TNCD286 - Tinh khuc Ngo Thuy Mien.rar
TNCD287 - Top hits 14 - The gioi khong tinh yeu.rar
TNCD288 - Phi Nhung_ Manh Quynh - Tan co giao duyen 2.rar
TNCD289 - Dan bau Duc Thanh 3 - Giot mua thu.rar
TNCD290 - Don Ho - Ha trang - 2003.rar
TNCD291 - TVu_NQuynh - Em hau phuong anh tien tuyen.rar
TNCD292 - Nhu Quynh - To tam.rar
TNCD293 - Luong Tung Quang _ Nhu Loan - Phep la.rar
TNCD294 - Nhac tre top hits 15 - Mong anh se đen.rar
TNCD295 - Ngoc Ha - Khong the va co the.rar
TNCD296 - Tran Duc - Giac mo hoi huong.rar
TNCD297 - Con de chung tinh.rar
TNCD298 - Top Hits 16 - Nua vang trang.rar
TNCD299 - Phuong Diem Hanh - Ha buon.rar
TNCD300 - Minh Tuyet - Lam sao anh biet.rar
TNCD301 - Nguyen Hung - Trai tim tinh si.rar
TNCD302 - Manh Quynh - Vo toi.rar
TNCD303 - Tau cam doan khuc -hoa tau.rar
TNCD304 - Nhac tre top hit 17 - Xoa het no nan.rar
TNCD305 - Giac mo canh co.rar
TNCD306 - Loan Chau - Mua di vang.rar
TNCD307 - Truc Lam Truc linh - Khi da yeu anh.rar
TNCD308 - The Son - Bat chot ta nhin nhau.rar
TNCD309 - Quang Le - Suong trang mien que ngoai.rar
TNCD310 - Tinh khuc Pham Manh Cuong - Thu ca.rar
TNCD311 - Tinh Khuc Le Dinh - Hue Buon.rar
TNCD312 - Xin con goi ten nhau - Tinh khuc Truong Sa.rar
TNCD313 - Bao Han _ Nhu Loan - Sunday Buon.rar
TNCD314 - Dong song khong tro lai.rar
TNCD315 - Tran Thai Hoa - Coi vang.rar
TNCD316 - Nua vong tay lanh - Nhac tre tophits 18.rar
TNCD317 - Quang Le - Ke o mien xa - 2004.rar
TNCD318 - Phi Nhung - Ngua o thuong nho - 2004.rar
TNCD319 - Nhu Quynh - Khuc ca Dong Thap.rar
TNCD320 - Ngoc Ha - Tinh hoai huong.rar
TNCD321 - Luong Tung Quang - Tu khi em den.rar
TNCD322 - Tieng hat tu nhip tim - Top Hits 19.rar
TNCD323 - Mua dong hoa trang.rar
TNCD324 - Nguoi ngoai pho.rar
TNCD325 - Minh Tuyet - Ngay xua anh hoi.rar
TNCD326 - Manh Quynh_ Phi Nhung - Tan co giao duyen 3.rar
TNCD327 - Nhat Trung - Mot doi toi di tim toi.rar
TNCD329 - Phuong Diem Hanh _ Tam Doan - Do chieu.rar
TNCD330 - Yeu mai ngan nam - Nhac tre top hit 21.rar
TNCD331 - Quen di het dam me.rar
TNCD332 - Y Lan - Loi Reu.rar
TNCD333 - Luu Bich - Vi em yeu anh.rar
TNCD334 - Tran Thai Hoa - Dem dong.rar
TNCD335 - Tinh khuc Huynh Anh - Mua rung.rar
TNCD336 - Tinh khuc Song Ngoc - Ha Noi ngay thang cu.rar
TNCD337 - Ru lai cau ho - Tan co dac biet.rar
TNCD338 - Ho Le Thu - Mot thoang huong tinh.rar
TNCD339 - Hoa buom ngay xua.rar
TNCD340 - Huong Thuy - Thuong nho cau hai.rar
TNCD341 - Quang Le - Xin goi nhau la co nhan - 2004.rar
TNCD342 - Nguyen Hung - Dien va say.rar
TNCD343 - Xuan hop mat.rar
TNCD344 - Chuc xuan.rar
TNCD345 - Top hits 23 - Dang cay.rar
TNCD346 - Top hits 24 - Noi nho - 2005.rar
TNCD347 - Chi di tim em.rar
TNCD348 - Minh Tuyet_ Bang Kieu_ Lam Nhat Tien - Doa hong dam mau.rar
TNCD349 - Tam Doan - Yeu voi.rar
TNCD350 - 30 nam vien xu(1).rar
TNCD350 - 30 nam vien xu.rar
TNCD351 - Manh Quynh - Say.rar
TNCD352 - top hit 25 - Mai con yeu.rar
TNCD353 - The Son - Nhung tinh khuc chon loc 2 - 2005.rar
TNCD354 - Luong Tung Quang - Trai tim mong manh - 2005.rar
TNCD355 - Ngoc Ha - Em van nhu ngay xua.rar
TNCD356 - Bang Kieu - Va lai tinh toi.rar
TNCD357 - Thuy Tien - Yeu ai.rar
TNCD358 - Nguyen Hung - Da vu - 2005.rar
TNCD359 - Nhu Quynh - The best of - CD1.rar
TNCD359 - Nhu Quynh - The best of - CD2.rar
TNCD360 - Thoat ly - Tinh ca Quoc Dung - 2005(1).rar
TNCD360 - Thoat ly - Tinh ca Quoc Dung - 2005.rar
TNCD361 - Nhac Khieu vu Collection 6 - Mua thu Cali.rar
TNCD362 - Tinh khuc Tung Giang - Chi rieng minh em hieu.rar
TNCD363 - Tinh khuc Chau Ky - Giot le dai trang - 2005.rar
TNCD364 - Adam Ho - Lie Under my bed.rar
TNCD365 - Quang Le - 7000 dem gop lai.rar
TNCD366 - Top Hits 27 - Tron kiep binh yen.rar
TNCD367 - Top Hits 26 - Mong dep - 2005.rar
TNCD368 - Duong Trieu Vu - Ngay do co em(1).rar
TNCD368 - Duong Trieu Vu - Ngay do co em.rar
TNCD369 - Xuan da ve - 2006.rar
TNCD370 - Ruoc xuan ve nha.rar
TNCD371 - Tran Thai Hoa - Tinh khuc Le Uyen Phuong - 2006.rar
TNCD372 - Minh Tuyet _ Bang Kieu - Boi vi anh yeu em.rar
TNCD373 - Lien khuc Top Hits Paris by night.rar
TNCD374 - Noi lai tinh xua - NRG(1).rar
TNCD374 - Noi lai tinh xua - NRG.rar
TNCD375 - Da khong yeu thi thoi.rar
TNCD376 - Huong Thuy - Thuong tham.rar
TNCD377 - Tam Doan - Guc nga vi yeu.rar
TNCD378 - Nhu Loan - Tinh lang cam - 2006.rar
TNCD379 - Luong Tung Quang - Dem mau hong - 2006.rar
TNCD380 - Ngoc Lien - Yeu trong hy vong.rar
TNCD381 - Top Hits 29 - Tinh mong.rar
TNCD382 - Tran Thai Hoa - Nhung tinh khuc chon loc.rar
TNCD383 - Noi buon hoa phuong - 2006.rar
TNCD384 - Tinh khuc Nguyen Anh 9 - Co don.rar
TNCD385 - Tinh khuc Xuan Tien - Khuc hat an tinh.rar
TNCD386 - Ho Le Thu - Buon oi chao mi.rar
TNCD387 - Van Quynh - Uoc mot ngay.rar
TNCD388 - Vi yeu - Luu bich_ Thuy Tien_ Luong Tung Quang - FLAC.rar
TNCD389 - Tan Co dac biet 2 - Canh co que huong.rar
TNCD390 - Top Hits 30 - Tinh du tram loi.rar
TNCD391 - Niem khuc cuoi.rar
TNCD392 - Ben xuan.rar
TNCD393 - Gio mua xuan toi.rar
TNCD394 - Quang Le - Dap vo cay dan - 2007.rar
TNCD395 - Lien khuc Top hits 2.rar
TNCD396 - Manh Quynh - Ke sau doi - 2007.rar
TNCD397 - PBN Talent show - giai ban ket.rar
TNCD398 - Chung ket PBN Talent show.rar
TNCD399 - Lien khuc que huong.rar
TNCD400 - Nhu Quynh - The best of 2 - Ao hoa - CD1.rar
TNCD400 - Nhu Quynh - The best of 2 - Ao hoa - CD2.rar
TNCD401 - Tran Thu Ha - Tinh ca qua the ky - 2007.rar
TNCD402 - Minh Tuyet - Yeu mot nguoi song ben mot nguoi.rar
TNCD403 - Trinh Lam - Tai sao.rar
TNCD404 - Tran Thai Hoa - Bao gio biet tuong tu - 2007.rar
TNCD405 - Dung hua voi em - Top hits 32.rar
TNCD406 - Top Hits 33 - Em van tin.rar
TNCD407 - Tinh khuc Lam Phuong - Duong ve que huong.rar
TNCD408 - Mai Quoc Huy - Hanh phuc quanh day.rar
TNCD409 - Mai Thien Van - Huong long tang me.rar
TNCD410 - Tinh Khuc Lam Phuong - Phut cuoi.rar
TNCD411 - Quang Le _ Tam Doan - Tam su nguoi linh tre.rar
TNCD412 - Duong Trieu Vu - Thien duong danh mat.rar
TNCD413 - Chan dung nguoi phu nu Viet Nam - Vol.1.rar
TNCD414 - Chan dung nguoi phu nu Viet Nam - Vol.2.rar
TNCD415 - Cam Ly - Tinh khuc Minh Vy.rar
TNCD416 - Hoa tau nhac Lam Phuong - Mot minh.rar
TNCD417 - Bang Kieu - Linh hon da mat.rar
TNCD418 - Quang Le - Hai que.rar
TNCD419 - David Meng - Tinh phai.rar
TNCD420 - Mai Quoc Huy - Boi bac.rar
TNCD421 - Mai Thien Van - Thuong hoai ngan nam.rar
TNCD422 - Trinh Lam _ Quynh Vy - Tinh con vuong van.rar
TNCD423 - Hue.rar
TNCD424 - Sai Gon.rar
TNCD425 - Ha Noi.rar
TNCD426 - Go cua trai tim.rar
TNCD427 - Top Hits 34 - Tinh Da Lang Quen.rar
TNCD428 - Top Hits 35 - Di vang.rar
TNCD429 - Dancing All Night - Khieu vu Top Hits.rar
TNCD430 - Luan vu ngay mua.rar
TNCD431 - Huong Thuy - Ly le trai tim - 2008.rar
TNCD432 - Tu Quyen - Em van yeu.rar
TNCD433 - Nhat Trung - Merry Chirtmas _ Happy New Year.rar
TNCD434 - Nguyen Thang - Broken.rar
TNCD435 - Mai Thien Van - Neu anh dung hen.rar
TNCD436 - Nguyen Hung - Tinh yeu ngay mai.rar
TNCD437 - The Son - Doi toi chi mot nguoi.rar
TNCD438 - Duy Truong vol 1 - Nguoi yeu co don.rar
TNCD439 - Nhu chiec que diem.rar
TNCD440 - Ao em chua mac mot lan_ Vong nhan cuoi.rar
TNCD441 - Top hits 36 - Ngay cuoi.rar
TNCD442 - Dung giau trong long - Top hits 37.rar
TNCD443 - Vi yeu 2.rar
TNCD444 - Duong Trieu Vu - Em o dau.rar
TNCD445 - Trinh Lam - Bien va anh van hat.rar
TNCD446 - Quang Le - Tuong tu nang ca sy.rar
TNCD447 - Tran Thai Hoa - Tinh khuc tien chien - 2009.rar
TNCD448 - Minh Tuyet - Da khong con hoi tiec.rar
TNCD449 - Minh Tuyet _ Bang Kieu - Mot lan nua xin co nhau.rar
TNCD450 - Top Hits 38 - Du am tinh ta.rar
TNCD451 - Luu Bich - The best of.rar
TNCD452 - Mai Thien Van - Cung Chúc Trinh Vương.rar
TNCD453 - Quynh Vi - Vui sau trai tim buon - 2009.rar
TNCD454 - Ngoc Anh - Giet nguoi trong mong.rar
TNCD455 - Chieu mua bien gioi.rar
TNCD456 - Da vu mau xanh tinh yeu.rar
TNCD456 - Da vu mau xanh.rar
TNCD457 - Samba cho em.rar
TNCD458 - Duy Truong - Gap lai co nhan.rar
TNCD459 - Canh thiep dau xuan.rar
TNCD460 - Lien khuc Top hit 3.rar
TNCD461 - Quang Le _ Mai Thien Van - Doi mat nguoi xua.rar
TNCD462 - Nhung tinh khuc vuot thoi gian - Doi da vang.rar
TNCD463 - Top hits 40 - Mot mai em roi xa.rar
TNCD464 - Trinh lam - Tai sao 2.rar
TNCD465 - Mai Thien Van - Hat de tang anh.rar
TNCD466 - Top hits 41 - Tim em mai thuoc ve anh - 2010.rar
TNCD467 - Que huong tuoi tho toi.rar
TNCD468 - Tinh dep Hau Giang.rar
TNCD469 - The voice of Divas.rar
TNCD470 - Tophit 42 - I'll go this way - 2010.rar
TNCD471 - Thanh An - Dua em vao ha - 2009.rar
TNCD472 - Tam Phuong Anh - Vong tay nao cho em.rar
TNCD473 - Nhu Quynh - Duyen phan.rar
TNCD474 - Bang Kieu - Xin dung quay lai.rar
TNCD475 - Quynh Dung - Dem nho nguoi tinh.rar
TNCD476 - Mai Tien Dung - Nhu van con day.rar
TNCD477 - Top hits 43 - Mo mot tinh yeu - 2010.rar
TNCD478 - Truong Vu - The best of.rar
TNCD479 - Tai sao la khong - Top hits 44.rar
TNCD480 - Minh Tuyet - Xin loi anh.rar
TNCD481 - Huong Thuy - Chuyen nguoi con gai.rar
TNCD482 - Ngoc Anh - Ta Tinh.rar
TNCD483 - Manh Quynh _ Phi Nhung - Neu chung minh cach tro.rar
TNCD484 - Mong chieu xuan.rar
TNCD485 - Bai ca tet cho em.rar
TNCD486 - Xuan voi doi song moi.rar
TNCD487 - Quang Le _ Mai Thien Van - Phai long con gai Ben Tre.rar
TNCD488 - Nhu Loan - The best of - 2011.rar
TNCD489 - Lam Anh - Anh da xa toi - 2011.rar
TNCD490 - Tinh khuc Lam Phuong - Mua thu yeu duong.rar
TNCD491 - Den khuya.rar
TNCD492 - Tinh khuc Lam Phuong - Cho em quen tuoi ngoc.rar
TNCD493 - Duy Truong - Ke trang tay - 2011.rar
TNCD494 - Mai Thien Van - Thanh Tam chua.rar
TNCD495 - Toc Tien - My Turn - 2011.rar
TNCD496 - Top hits 47 - Con tuoi nao cho em - 2011.rar
TNCD497 - Top hits 48 - Moi xinh nu cuoi - 2011.rar
TNCD500 - Top hit - Tinh dau tinh cuoi.rar
TNCD503 - Mai Thien Van - Bao gio em lay chong.rar
TNCD505 - Top Hits 51 - Nguoi tinh tram nam.rar
TNCD507 - Nguoi tinh.rar
TNCD508 - Toc Tien_ Mai Tien Dung - Mystical Night.rar
TNCD509 - Chung vang trang doi.rar
TNCD510 - Khanh Lam - 24h phep.rar
TNCD511 - Ky Phuong Uyen - Bien dem.rar
TNCD514_ChotNhoTinhTraiNgang-TopHits54.rar
TNCD517 - Hai dua gian nhau.rar
TNCD521 - Top hits 55 - Lot xac.rar
TNCD523 - Top hits 56 - Giot nang ben them.rar
Thanh Lan 104 - Huong ca vo tan - tape.rar
Giang Ngoc 001 -Ngoc-Lan 1-Nguoi Yeu Dau.rar

